<?xml version="1.0" encoding="UTF-8"?>
<coverage generated="1631109606589" clover="3.2.0">
  <project timestamp="1631109606589" name="All files">
    <metrics statements="633" coveredstatements="538" conditionals="365" coveredconditionals="242" methods="54" coveredmethods="52" elements="1052" coveredelements="832" complexity="0" loc="633" ncloc="633" packages="8" files="29" classes="29"/>
    <package name="src">
      <metrics statements="50" coveredstatements="48" conditionals="2" coveredconditionals="1" methods="2" coveredmethods="1"/>
      <file name="app.ts" path="/home/diego/Documentos/Projetos/xaama-zap/xaama-zap-backend/src/app.ts">
        <metrics statements="15" coveredstatements="14" conditionals="2" coveredconditionals="1" methods="1" coveredmethods="1"/>
        <line num="2" count="7" type="stmt"/>
        <line num="3" count="7" type="stmt"/>
        <line num="5" count="7" type="stmt"/>
        <line num="6" count="7" type="stmt"/>
        <line num="7" count="7" type="stmt"/>
        <line num="10" count="7" type="stmt"/>
        <line num="13" count="7" type="stmt"/>
        <line num="20" count="7" type="stmt"/>
        <line num="21" count="7" type="stmt"/>
        <line num="22" count="7" type="stmt"/>
        <line num="24" count="7" type="stmt"/>
        <line num="26" count="22" type="cond" truecount="1" falsecount="1"/>
        <line num="27" count="22" type="stmt"/>
        <line num="32" count="0" type="stmt"/>
        <line num="39" count="7" type="stmt"/>
      </file>
      <file name="routes.ts" path="/home/diego/Documentos/Projetos/xaama-zap/xaama-zap-backend/src/routes.ts">
        <metrics statements="35" coveredstatements="34" conditionals="0" coveredconditionals="0" methods="1" coveredmethods="0"/>
        <line num="2" count="7" type="stmt"/>
        <line num="3" count="7" type="stmt"/>
        <line num="6" count="7" type="stmt"/>
        <line num="7" count="7" type="stmt"/>
        <line num="8" count="7" type="stmt"/>
        <line num="11" count="7" type="stmt"/>
        <line num="14" count="7" type="stmt"/>
        <line num="15" count="7" type="stmt"/>
        <line num="16" count="7" type="stmt"/>
        <line num="17" count="7" type="stmt"/>
        <line num="18" count="7" type="stmt"/>
        <line num="19" count="7" type="stmt"/>
        <line num="22" count="7" type="stmt"/>
        <line num="23" count="7" type="stmt"/>
        <line num="24" count="7" type="stmt"/>
        <line num="25" count="7" type="stmt"/>
        <line num="26" count="7" type="stmt"/>
        <line num="27" count="7" type="stmt"/>
        <line num="30" count="7" type="stmt"/>
        <line num="31" count="0" type="stmt"/>
        <line num="35" count="7" type="stmt"/>
        <line num="36" count="7" type="stmt"/>
        <line num="39" count="7" type="stmt"/>
        <line num="42" count="7" type="stmt"/>
        <line num="43" count="7" type="stmt"/>
        <line num="46" count="7" type="stmt"/>
        <line num="47" count="7" type="stmt"/>
        <line num="48" count="7" type="stmt"/>
        <line num="49" count="7" type="stmt"/>
        <line num="50" count="7" type="stmt"/>
        <line num="51" count="7" type="stmt"/>
        <line num="54" count="7" type="stmt"/>
        <line num="57" count="7" type="stmt"/>
        <line num="58" count="7" type="stmt"/>
        <line num="60" count="7" type="stmt"/>
      </file>
    </package>
    <package name="src.config">
      <metrics statements="9" coveredstatements="8" conditionals="0" coveredconditionals="0" methods="2" coveredmethods="1"/>
      <file name="database.ts" path="/home/diego/Documentos/Projetos/xaama-zap/xaama-zap-backend/src/config/database.ts">
        <metrics statements="9" coveredstatements="8" conditionals="0" coveredconditionals="0" methods="2" coveredmethods="1"/>
        <line num="2" count="7" type="stmt"/>
        <line num="3" count="7" type="stmt"/>
        <line num="6" count="7" type="stmt"/>
        <line num="7" count="7" type="stmt"/>
        <line num="10" count="7" type="stmt"/>
        <line num="13" count="7" type="stmt"/>
        <line num="17" count="7" type="stmt"/>
        <line num="19" count="0" type="stmt"/>
        <line num="23" count="7" type="stmt"/>
      </file>
    </package>
    <package name="src.controllers">
      <metrics statements="81" coveredstatements="81" conditionals="0" coveredconditionals="0" methods="14" coveredmethods="14"/>
      <file name="MessageController.ts" path="/home/diego/Documentos/Projetos/xaama-zap/xaama-zap-backend/src/controllers/MessageController.ts">
        <metrics statements="8" coveredstatements="8" conditionals="0" coveredconditionals="0" methods="1" coveredmethods="1"/>
        <line num="2" count="7" type="stmt"/>
        <line num="6" count="5" type="stmt"/>
        <line num="7" count="5" type="stmt"/>
        <line num="8" count="5" type="stmt"/>
        <line num="10" count="5" type="stmt"/>
        <line num="12" count="5" type="stmt"/>
        <line num="14" count="4" type="stmt"/>
        <line num="18" count="7" type="stmt"/>
      </file>
      <file name="RefreshTokenController.ts" path="/home/diego/Documentos/Projetos/xaama-zap/xaama-zap-backend/src/controllers/RefreshTokenController.ts">
        <metrics statements="6" coveredstatements="6" conditionals="0" coveredconditionals="0" methods="1" coveredmethods="1"/>
        <line num="2" count="7" type="stmt"/>
        <line num="6" count="2" type="stmt"/>
        <line num="8" count="2" type="stmt"/>
        <line num="10" count="2" type="stmt"/>
        <line num="12" count="1" type="stmt"/>
        <line num="16" count="7" type="stmt"/>
      </file>
      <file name="RoomController.ts" path="/home/diego/Documentos/Projetos/xaama-zap/xaama-zap-backend/src/controllers/RoomController.ts">
        <metrics statements="35" coveredstatements="35" conditionals="0" coveredconditionals="0" methods="6" coveredmethods="6"/>
        <line num="2" count="7" type="stmt"/>
        <line num="6" count="2" type="stmt"/>
        <line num="7" count="2" type="stmt"/>
        <line num="9" count="2" type="stmt"/>
        <line num="11" count="2" type="stmt"/>
        <line num="13" count="2" type="stmt"/>
        <line num="17" count="6" type="stmt"/>
        <line num="18" count="6" type="stmt"/>
        <line num="20" count="6" type="stmt"/>
        <line num="22" count="6" type="stmt"/>
        <line num="24" count="6" type="stmt"/>
        <line num="28" count="1" type="stmt"/>
        <line num="29" count="1" type="stmt"/>
        <line num="30" count="1" type="stmt"/>
        <line num="32" count="1" type="stmt"/>
        <line num="34" count="1" type="stmt"/>
        <line num="43" count="1" type="stmt"/>
        <line num="47" count="5" type="stmt"/>
        <line num="48" count="5" type="stmt"/>
        <line num="49" count="5" type="stmt"/>
        <line num="51" count="5" type="stmt"/>
        <line num="53" count="5" type="stmt"/>
        <line num="60" count="3" type="stmt"/>
        <line num="64" count="8" type="stmt"/>
        <line num="65" count="8" type="stmt"/>
        <line num="66" count="8" type="stmt"/>
        <line num="68" count="8" type="stmt"/>
        <line num="70" count="8" type="stmt"/>
        <line num="76" count="6" type="stmt"/>
        <line num="80" count="1" type="stmt"/>
        <line num="81" count="1" type="stmt"/>
        <line num="83" count="1" type="stmt"/>
        <line num="85" count="1" type="stmt"/>
        <line num="87" count="1" type="stmt"/>
        <line num="91" count="7" type="stmt"/>
      </file>
      <file name="SessionController.ts" path="/home/diego/Documentos/Projetos/xaama-zap/xaama-zap-backend/src/controllers/SessionController.ts">
        <metrics statements="10" coveredstatements="10" conditionals="0" coveredconditionals="0" methods="2" coveredmethods="2"/>
        <line num="2" count="7" type="stmt"/>
        <line num="6" count="5" type="stmt"/>
        <line num="8" count="5" type="stmt"/>
        <line num="10" count="5" type="stmt"/>
        <line num="12" count="1" type="stmt"/>
        <line num="16" count="3" type="stmt"/>
        <line num="18" count="3" type="stmt"/>
        <line num="20" count="3" type="stmt"/>
        <line num="22" count="1" type="stmt"/>
        <line num="26" count="7" type="stmt"/>
      </file>
      <file name="UserController.ts" path="/home/diego/Documentos/Projetos/xaama-zap/xaama-zap-backend/src/controllers/UserController.ts">
        <metrics statements="10" coveredstatements="10" conditionals="0" coveredconditionals="0" methods="2" coveredmethods="2"/>
        <line num="2" count="7" type="stmt"/>
        <line num="5" count="1" type="stmt"/>
        <line num="7" count="1" type="stmt"/>
        <line num="9" count="1" type="stmt"/>
        <line num="11" count="1" type="stmt"/>
        <line num="15" count="14" type="stmt"/>
        <line num="17" count="14" type="stmt"/>
        <line num="19" count="14" type="stmt"/>
        <line num="21" count="10" type="stmt"/>
        <line num="25" count="7" type="stmt"/>
      </file>
      <file name="UserRoomController.ts" path="/home/diego/Documentos/Projetos/xaama-zap/xaama-zap-backend/src/controllers/UserRoomController.ts">
        <metrics statements="12" coveredstatements="12" conditionals="0" coveredconditionals="0" methods="2" coveredmethods="2"/>
        <line num="2" count="7" type="stmt"/>
        <line num="6" count="1" type="stmt"/>
        <line num="8" count="1" type="stmt"/>
        <line num="10" count="1" type="stmt"/>
        <line num="12" count="1" type="stmt"/>
        <line num="16" count="4" type="stmt"/>
        <line num="17" count="4" type="stmt"/>
        <line num="18" count="4" type="stmt"/>
        <line num="20" count="4" type="stmt"/>
        <line num="22" count="4" type="stmt"/>
        <line num="24" count="2" type="stmt"/>
        <line num="28" count="7" type="stmt"/>
      </file>
    </package>
    <package name="src.entities">
      <metrics statements="20" coveredstatements="20" conditionals="0" coveredconditionals="0" methods="0" coveredmethods="0"/>
      <file name="Message.ts" path="/home/diego/Documentos/Projetos/xaama-zap/xaama-zap-backend/src/entities/Message.ts">
        <metrics statements="4" coveredstatements="4" conditionals="0" coveredconditionals="0" methods="0" coveredmethods="0"/>
        <line num="2" count="7" type="stmt"/>
        <line num="13" count="7" type="stmt"/>
        <line num="37" count="7" type="stmt"/>
        <line num="39" count="7" type="stmt"/>
      </file>
      <file name="RefreshToken.ts" path="/home/diego/Documentos/Projetos/xaama-zap/xaama-zap-backend/src/entities/RefreshToken.ts">
        <metrics statements="4" coveredstatements="4" conditionals="0" coveredconditionals="0" methods="0" coveredmethods="0"/>
        <line num="2" count="7" type="stmt"/>
        <line num="12" count="7" type="stmt"/>
        <line num="32" count="7" type="stmt"/>
        <line num="34" count="7" type="stmt"/>
      </file>
      <file name="Room.ts" path="/home/diego/Documentos/Projetos/xaama-zap/xaama-zap-backend/src/entities/Room.ts">
        <metrics statements="4" coveredstatements="4" conditionals="0" coveredconditionals="0" methods="0" coveredmethods="0"/>
        <line num="2" count="7" type="stmt"/>
        <line num="18" count="7" type="stmt"/>
        <line num="63" count="7" type="stmt"/>
        <line num="65" count="7" type="stmt"/>
      </file>
      <file name="User.ts" path="/home/diego/Documentos/Projetos/xaama-zap/xaama-zap-backend/src/entities/User.ts">
        <metrics statements="4" coveredstatements="4" conditionals="0" coveredconditionals="0" methods="0" coveredmethods="0"/>
        <line num="2" count="7" type="stmt"/>
        <line num="14" count="7" type="stmt"/>
        <line num="42" count="7" type="stmt"/>
        <line num="44" count="7" type="stmt"/>
      </file>
      <file name="UserRoom.ts" path="/home/diego/Documentos/Projetos/xaama-zap/xaama-zap-backend/src/entities/UserRoom.ts">
        <metrics statements="4" coveredstatements="4" conditionals="0" coveredconditionals="0" methods="0" coveredmethods="0"/>
        <line num="2" count="7" type="stmt"/>
        <line num="13" count="7" type="stmt"/>
        <line num="39" count="7" type="stmt"/>
        <line num="41" count="7" type="stmt"/>
      </file>
    </package>
    <package name="src.errors">
      <metrics statements="3" coveredstatements="3" conditionals="1" coveredconditionals="1" methods="1" coveredmethods="1"/>
      <file name="AppError.ts" path="/home/diego/Documentos/Projetos/xaama-zap/xaama-zap-backend/src/errors/AppError.ts">
        <metrics statements="3" coveredstatements="3" conditionals="1" coveredconditionals="1" methods="1" coveredmethods="1"/>
        <line num="1" count="7" type="stmt"/>
        <line num="6" count="22" type="stmt"/>
        <line num="7" count="22" type="stmt"/>
      </file>
    </package>
    <package name="src.helpers">
      <metrics statements="76" coveredstatements="57" conditionals="54" coveredconditionals="33" methods="8" coveredmethods="8"/>
      <file name="DeleteAllMessagesFromRoom.ts" path="/home/diego/Documentos/Projetos/xaama-zap/xaama-zap-backend/src/helpers/DeleteAllMessagesFromRoom.ts">
        <metrics statements="11" coveredstatements="9" conditionals="6" coveredconditionals="4" methods="2" coveredmethods="2"/>
        <line num="1" count="7" type="stmt"/>
        <line num="5" count="2" type="cond" truecount="3" falsecount="1"/>
        <line num="6" count="1" type="stmt"/>
        <line num="7" count="1" type="stmt"/>
        <line num="8" count="1" type="stmt"/>
        <line num="10" count="0" type="stmt"/>
        <line num="13" count="1" type="cond" truecount="1" falsecount="1"/>
        <line num="14" count="1" type="stmt"/>
        <line num="16" count="0" type="stmt"/>
        <line num="20" count="2" type="stmt"/>
        <line num="24" count="7" type="stmt"/>
      </file>
      <file name="EnterUserRoom.ts" path="/home/diego/Documentos/Projetos/xaama-zap/xaama-zap-backend/src/helpers/EnterUserRoom.ts">
        <metrics statements="27" coveredstatements="17" conditionals="26" coveredconditionals="15" methods="2" coveredmethods="2"/>
        <line num="2" count="7" type="stmt"/>
        <line num="11" count="11" type="cond" truecount="1" falsecount="1"/>
        <line num="12" count="0" type="stmt"/>
        <line num="15" count="11" type="cond" truecount="1" falsecount="1"/>
        <line num="16" count="0" type="stmt"/>
        <line num="19" count="11" type="stmt"/>
        <line num="20" count="11" type="stmt"/>
        <line num="21" count="11" type="stmt"/>
        <line num="23" count="0" type="stmt"/>
        <line num="26" count="11" type="cond" truecount="1" falsecount="1"/>
        <line num="27" count="11" type="stmt"/>
        <line num="29" count="11" type="cond" truecount="6" falsecount="2"/>
        <line num="30" count="5" type="cond" truecount="1" falsecount="1"/>
        <line num="31" count="0" type="stmt"/>
        <line num="35" count="11" type="cond" truecount="1" falsecount="1"/>
        <line num="36" count="0" type="stmt"/>
        <line num="39" count="11" type="cond" truecount="3" falsecount="1"/>
        <line num="40" count="11" type="stmt"/>
        <line num="42" count="11" type="stmt"/>
        <line num="44" count="11" type="cond" truecount="1" falsecount="1"/>
        <line num="45" count="11" type="stmt"/>
        <line num="47" count="0" type="stmt"/>
        <line num="50" count="0" type="stmt"/>
        <line num="55" count="0" type="cond" truecount="0" falsecount="2"/>
        <line num="56" count="0" type="stmt"/>
        <line num="58" count="0" type="stmt"/>
        <line num="64" count="7" type="stmt"/>
      </file>
      <file name="ExitUserRoom.ts" path="/home/diego/Documentos/Projetos/xaama-zap/xaama-zap-backend/src/helpers/ExitUserRoom.ts">
        <metrics statements="25" coveredstatements="19" conditionals="20" coveredconditionals="13" methods="2" coveredmethods="2"/>
        <line num="2" count="7" type="stmt"/>
        <line num="11" count="5" type="cond" truecount="1" falsecount="1"/>
        <line num="12" count="0" type="stmt"/>
        <line num="15" count="5" type="cond" truecount="1" falsecount="1"/>
        <line num="16" count="0" type="stmt"/>
        <line num="19" count="5" type="stmt"/>
        <line num="20" count="5" type="stmt"/>
        <line num="21" count="5" type="stmt"/>
        <line num="23" count="0" type="stmt"/>
        <line num="26" count="5" type="cond" truecount="1" falsecount="1"/>
        <line num="27" count="5" type="stmt"/>
        <line num="29" count="5" type="cond" truecount="6" falsecount="2"/>
        <line num="30" count="8" type="cond" truecount="2" falsecount="0"/>
        <line num="31" count="5" type="stmt"/>
        <line num="35" count="5" type="cond" truecount="1" falsecount="1"/>
        <line num="36" count="0" type="stmt"/>
        <line num="39" count="5" type="stmt"/>
        <line num="40" count="5" type="stmt"/>
        <line num="42" count="5" type="stmt"/>
        <line num="44" count="5" type="stmt"/>
        <line num="46" count="5" type="cond" truecount="1" falsecount="1"/>
        <line num="47" count="5" type="stmt"/>
        <line num="49" count="0" type="stmt"/>
        <line num="53" count="0" type="stmt"/>
        <line num="57" count="7" type="stmt"/>
      </file>
      <file name="GenerateRefreshToken.ts" path="/home/diego/Documentos/Projetos/xaama-zap/xaama-zap-backend/src/helpers/GenerateRefreshToken.ts">
        <metrics statements="9" coveredstatements="8" conditionals="2" coveredconditionals="1" methods="1" coveredmethods="1"/>
        <line num="1" count="7" type="stmt"/>
        <line num="2" count="7" type="stmt"/>
        <line num="3" count="7" type="stmt"/>
        <line num="7" count="11" type="stmt"/>
        <line num="9" count="11" type="stmt"/>
        <line num="14" count="11" type="cond" truecount="1" falsecount="1"/>
        <line num="15" count="11" type="stmt"/>
        <line num="18" count="0" type="stmt"/>
        <line num="22" count="7" type="stmt"/>
      </file>
      <file name="GenerateTokenProvider.ts" path="/home/diego/Documentos/Projetos/xaama-zap/xaama-zap-backend/src/helpers/GenerateTokenProvider.ts">
        <metrics statements="4" coveredstatements="4" conditionals="0" coveredconditionals="0" methods="1" coveredmethods="1"/>
        <line num="1" count="7" type="stmt"/>
        <line num="12" count="12" type="stmt"/>
        <line num="21" count="12" type="stmt"/>
        <line num="25" count="7" type="stmt"/>
      </file>
    </package>
    <package name="src.middlewares">
      <metrics statements="45" coveredstatements="40" conditionals="16" coveredconditionals="11" methods="5" coveredmethods="5"/>
      <file name="ensureAdminRoom.ts" path="/home/diego/Documentos/Projetos/xaama-zap/xaama-zap-backend/src/middlewares/ensureAdminRoom.ts">
        <metrics statements="15" coveredstatements="13" conditionals="6" coveredconditionals="3" methods="2" coveredmethods="2"/>
        <line num="2" count="7" type="stmt"/>
        <line num="3" count="7" type="stmt"/>
        <line num="5" count="7" type="stmt"/>
        <line num="6" count="7" type="stmt"/>
        <line num="7" count="7" type="stmt"/>
        <line num="8" count="7" type="stmt"/>
        <line num="10" count="7" type="cond" truecount="1" falsecount="1"/>
        <line num="11" count="0" type="stmt"/>
        <line num="14" count="7" type="stmt"/>
        <line num="16" count="7" type="stmt"/>
        <line num="17" count="7" type="cond" truecount="1" falsecount="1"/>
        <line num="18" count="7" type="stmt"/>
        <line num="22" count="7" type="cond" truecount="1" falsecount="1"/>
        <line num="23" count="7" type="stmt"/>
        <line num="26" count="0" type="stmt"/>
      </file>
      <file name="ensureAuthenticated.ts" path="/home/diego/Documentos/Projetos/xaama-zap/xaama-zap-backend/src/middlewares/ensureAuthenticated.ts">
        <metrics statements="11" coveredstatements="10" conditionals="2" coveredconditionals="2" methods="1" coveredmethods="1"/>
        <line num="2" count="7" type="stmt"/>
        <line num="8" count="7" type="stmt"/>
        <line num="9" count="43" type="stmt"/>
        <line num="11" count="43" type="cond" truecount="2" falsecount="0"/>
        <line num="12" count="2" type="stmt"/>
        <line num="15" count="41" type="stmt"/>
        <line num="17" count="41" type="stmt"/>
        <line num="18" count="41" type="stmt"/>
        <line num="19" count="41" type="stmt"/>
        <line num="21" count="41" type="stmt"/>
        <line num="23" count="0" type="stmt"/>
      </file>
      <file name="ensureParticipatesRoom.ts" path="/home/diego/Documentos/Projetos/xaama-zap/xaama-zap-backend/src/middlewares/ensureParticipatesRoom.ts">
        <metrics statements="19" coveredstatements="17" conditionals="8" coveredconditionals="6" methods="2" coveredmethods="2"/>
        <line num="2" count="7" type="stmt"/>
        <line num="3" count="7" type="stmt"/>
        <line num="5" count="7" type="stmt"/>
        <line num="6" count="22" type="stmt"/>
        <line num="7" count="22" type="stmt"/>
        <line num="8" count="22" type="stmt"/>
        <line num="10" count="22" type="cond" truecount="1" falsecount="1"/>
        <line num="11" count="0" type="stmt"/>
        <line num="14" count="22" type="stmt"/>
        <line num="15" count="22" type="stmt"/>
        <line num="17" count="2" type="stmt"/>
        <line num="20" count="20" type="cond" truecount="1" falsecount="1"/>
        <line num="21" count="0" type="stmt"/>
        <line num="24" count="20" type="stmt"/>
        <line num="25" count="23" type="cond" truecount="2" falsecount="0"/>
        <line num="26" count="18" type="stmt"/>
        <line num="30" count="20" type="cond" truecount="2" falsecount="0"/>
        <line num="31" count="18" type="stmt"/>
        <line num="34" count="2" type="stmt"/>
      </file>
    </package>
    <package name="src.services">
      <metrics statements="349" coveredstatements="281" conditionals="292" coveredconditionals="196" methods="22" coveredmethods="22"/>
      <file name="MessageService.ts" path="/home/diego/Documentos/Projetos/xaama-zap/xaama-zap-backend/src/services/MessageService.ts">
        <metrics statements="22" coveredstatements="17" conditionals="12" coveredconditionals="7" methods="1" coveredmethods="1"/>
        <line num="1" count="7" type="stmt"/>
        <line num="2" count="7" type="stmt"/>
        <line num="3" count="7" type="stmt"/>
        <line num="13" count="5" type="cond" truecount="1" falsecount="1"/>
        <line num="14" count="0" type="stmt"/>
        <line num="17" count="5" type="cond" truecount="1" falsecount="1"/>
        <line num="18" count="0" type="stmt"/>
        <line num="21" count="5" type="cond" truecount="2" falsecount="0"/>
        <line num="22" count="1" type="stmt"/>
        <line num="25" count="4" type="stmt"/>
        <line num="27" count="4" type="cond" truecount="1" falsecount="1"/>
        <line num="28" count="4" type="stmt"/>
        <line num="30" count="4" type="cond" truecount="1" falsecount="1"/>
        <line num="31" count="0" type="stmt"/>
        <line num="34" count="4" type="stmt"/>
        <line num="35" count="4" type="stmt"/>
        <line num="37" count="4" type="stmt"/>
        <line num="39" count="4" type="cond" truecount="1" falsecount="1"/>
        <line num="40" count="4" type="stmt"/>
        <line num="42" count="0" type="stmt"/>
        <line num="46" count="0" type="stmt"/>
        <line num="51" count="7" type="stmt"/>
      </file>
      <file name="RefreshTokenService.ts" path="/home/diego/Documentos/Projetos/xaama-zap/xaama-zap-backend/src/services/RefreshTokenService.ts">
        <metrics statements="20" coveredstatements="15" conditionals="4" coveredconditionals="2" methods="1" coveredmethods="1"/>
        <line num="1" count="7" type="stmt"/>
        <line num="2" count="7" type="stmt"/>
        <line num="3" count="7" type="stmt"/>
        <line num="4" count="7" type="stmt"/>
        <line num="5" count="7" type="stmt"/>
        <line num="10" count="2" type="stmt"/>
        <line num="11" count="2" type="stmt"/>
        <line num="13" count="1" type="stmt"/>
        <line num="16" count="1" type="cond" truecount="1" falsecount="1"/>
        <line num="17" count="0" type="stmt"/>
        <line num="20" count="1" type="stmt"/>
        <line num="22" count="1" type="stmt"/>
        <line num="23" count="1" type="stmt"/>
        <line num="30" count="1" type="cond" truecount="1" falsecount="1"/>
        <line num="31" count="0" type="stmt"/>
        <line num="35" count="0" type="stmt"/>
        <line num="36" count="0" type="stmt"/>
        <line num="38" count="0" type="stmt"/>
        <line num="42" count="1" type="stmt"/>
        <line num="46" count="7" type="stmt"/>
      </file>
      <file name="RoomService.ts" path="/home/diego/Documentos/Projetos/xaama-zap/xaama-zap-backend/src/services/RoomService.ts">
        <metrics statements="193" coveredstatements="147" conditionals="190" coveredconditionals="120" methods="13" coveredmethods="13"/>
        <line num="1" count="7" type="stmt"/>
        <line num="2" count="7" type="stmt"/>
        <line num="4" count="7" type="stmt"/>
        <line num="5" count="7" type="stmt"/>
        <line num="6" count="7" type="stmt"/>
        <line num="7" count="7" type="stmt"/>
        <line num="25" count="2" type="cond" truecount="1" falsecount="1"/>
        <line num="26" count="0" type="stmt"/>
        <line num="29" count="2" type="stmt"/>
        <line num="31" count="2" type="cond" truecount="2" falsecount="0"/>
        <line num="33" count="1" type="stmt"/>
        <line num="43" count="1" type="stmt"/>
        <line num="44" count="1" type="stmt"/>
        <line num="47" count="2" type="cond" truecount="1" falsecount="1"/>
        <line num="48" count="2" type="stmt"/>
        <line num="50" count="0" type="stmt"/>
        <line num="54" count="6" type="cond" truecount="1" falsecount="1"/>
        <line num="55" count="0" type="stmt"/>
        <line num="58" count="6" type="cond" truecount="3" falsecount="1"/>
        <line num="59" count="0" type="stmt"/>
        <line num="62" count="6" type="cond" truecount="1" falsecount="1"/>
        <line num="63" count="0" type="stmt"/>
        <line num="66" count="6" type="cond" truecount="1" falsecount="1"/>
        <line num="67" count="0" type="stmt"/>
        <line num="70" count="6" type="stmt"/>
        <line num="71" count="6" type="stmt"/>
        <line num="72" count="6" type="stmt"/>
        <line num="76" count="0" type="stmt"/>
        <line num="79" count="6" type="cond" truecount="1" falsecount="1"/>
        <line num="80" count="0" type="stmt"/>
        <line num="83" count="6" type="stmt"/>
        <line num="92" count="6" type="cond" truecount="1" falsecount="1"/>
        <line num="93" count="6" type="stmt"/>
        <line num="94" count="6" type="stmt"/>
        <line num="96" count="6" type="stmt"/>
        <line num="98" count="0" type="stmt"/>
        <line num="103" count="1" type="cond" truecount="1" falsecount="1"/>
        <line num="104" count="0" type="stmt"/>
        <line num="107" count="1" type="cond" truecount="1" falsecount="1"/>
        <line num="108" count="0" type="stmt"/>
        <line num="111" count="1" type="stmt"/>
        <line num="113" count="1" type="cond" truecount="1" falsecount="1"/>
        <line num="114" count="0" type="stmt"/>
        <line num="117" count="1" type="cond" truecount="1" falsecount="1"/>
        <line num="118" count="0" type="stmt"/>
        <line num="121" count="1" type="cond" truecount="1" falsecount="1"/>
        <line num="122" count="0" type="stmt"/>
        <line num="125" count="1" type="cond" truecount="1" falsecount="1"/>
        <line num="127" count="1" type="cond" truecount="1" falsecount="1"/>
        <line num="128" count="0" type="stmt"/>
        <line num="131" count="1" type="cond" truecount="1" falsecount="1"/>
        <line num="132" count="1" type="stmt"/>
        <line num="135" count="1" type="stmt"/>
        <line num="136" count="2" type="cond" truecount="2" falsecount="0"/>
        <line num="137" count="1" type="stmt"/>
        <line num="141" count="1" type="cond" truecount="1" falsecount="1"/>
        <line num="142" count="0" type="stmt"/>
        <line num="146" count="1" type="stmt"/>
        <line num="148" count="1" type="cond" truecount="1" falsecount="1"/>
        <line num="149" count="0" type="stmt"/>
        <line num="152" count="1" type="stmt"/>
        <line num="154" count="1" type="stmt"/>
        <line num="155" count="1" type="cond" truecount="1" falsecount="1"/>
        <line num="156" count="0" type="stmt"/>
        <line num="160" count="1" type="cond" truecount="3" falsecount="1"/>
        <line num="161" count="1" type="stmt"/>
        <line num="162" count="0" type="cond" truecount="0" falsecount="4"/>
        <line num="163" count="0" type="stmt"/>
        <line num="167" count="1" type="stmt"/>
        <line num="168" count="1" type="stmt"/>
        <line num="169" count="1" type="stmt"/>
        <line num="171" count="1" type="stmt"/>
        <line num="173" count="1" type="cond" truecount="1" falsecount="1"/>
        <line num="174" count="1" type="stmt"/>
        <line num="176" count="0" type="stmt"/>
        <line num="181" count="5" type="cond" truecount="1" falsecount="1"/>
        <line num="182" count="0" type="stmt"/>
        <line num="185" count="5" type="cond" truecount="1" falsecount="1"/>
        <line num="186" count="0" type="stmt"/>
        <line num="189" count="5" type="stmt"/>
        <line num="191" count="5" type="cond" truecount="1" falsecount="1"/>
        <line num="192" count="0" type="stmt"/>
        <line num="195" count="5" type="cond" truecount="1" falsecount="1"/>
        <line num="196" count="0" type="stmt"/>
        <line num="199" count="5" type="cond" truecount="1" falsecount="1"/>
        <line num="200" count="0" type="stmt"/>
        <line num="203" count="5" type="stmt"/>
        <line num="205" count="5" type="cond" truecount="1" falsecount="1"/>
        <line num="206" count="0" type="stmt"/>
        <line num="209" count="5" type="stmt"/>
        <line num="212" count="5" type="stmt"/>
        <line num="213" count="7" type="cond" truecount="2" falsecount="0"/>
        <line num="214" count="2" type="stmt"/>
        <line num="218" count="5" type="cond" truecount="4" falsecount="0"/>
        <line num="220" count="2" type="cond" truecount="2" falsecount="0"/>
        <line num="221" count="1" type="cond" truecount="1" falsecount="1"/>
        <line num="222" count="1" type="stmt"/>
        <line num="224" count="0" type="stmt"/>
        <line num="228" count="2" type="stmt"/>
        <line num="229" count="2" type="stmt"/>
        <line num="231" count="2" type="stmt"/>
        <line num="232" count="2" type="stmt"/>
        <line num="234" count="3" type="cond" truecount="4" falsecount="0"/>
        <line num="236" count="1" type="stmt"/>
        <line num="238" count="1" type="stmt"/>
        <line num="239" count="1" type="cond" truecount="1" falsecount="1"/>
        <line num="240" count="0" type="stmt"/>
        <line num="244" count="1" type="cond" truecount="1" falsecount="1"/>
        <line num="245" count="0" type="stmt"/>
        <line num="248" count="1" type="stmt"/>
        <line num="249" count="1" type="stmt"/>
        <line num="251" count="1" type="stmt"/>
        <line num="252" count="1" type="stmt"/>
        <line num="254" count="2" type="cond" truecount="4" falsecount="0"/>
        <line num="255" count="1" type="stmt"/>
        <line num="257" count="1" type="stmt"/>
        <line num="260" count="3" type="stmt"/>
        <line num="262" count="3" type="stmt"/>
        <line num="264" count="3" type="cond" truecount="1" falsecount="1"/>
        <line num="265" count="3" type="stmt"/>
        <line num="267" count="0" type="stmt"/>
        <line num="272" count="8" type="cond" truecount="1" falsecount="1"/>
        <line num="273" count="0" type="stmt"/>
        <line num="276" count="8" type="cond" truecount="1" falsecount="1"/>
        <line num="277" count="0" type="stmt"/>
        <line num="280" count="8" type="stmt"/>
        <line num="282" count="8" type="cond" truecount="1" falsecount="1"/>
        <line num="283" count="0" type="stmt"/>
        <line num="286" count="8" type="stmt"/>
        <line num="288" count="8" type="cond" truecount="1" falsecount="1"/>
        <line num="289" count="0" type="stmt"/>
        <line num="292" count="8" type="stmt"/>
        <line num="295" count="8" type="stmt"/>
        <line num="296" count="11" type="cond" truecount="2" falsecount="0"/>
        <line num="297" count="4" type="stmt"/>
        <line num="301" count="8" type="cond" truecount="4" falsecount="0"/>
        <line num="303" count="3" type="cond" truecount="2" falsecount="0"/>
        <line num="304" count="1" type="cond" truecount="1" falsecount="1"/>
        <line num="305" count="1" type="stmt"/>
        <line num="307" count="0" type="stmt"/>
        <line num="311" count="3" type="stmt"/>
        <line num="312" count="3" type="stmt"/>
        <line num="314" count="3" type="stmt"/>
        <line num="315" count="3" type="stmt"/>
        <line num="317" count="5" type="cond" truecount="4" falsecount="0"/>
        <line num="319" count="3" type="stmt"/>
        <line num="321" count="3" type="stmt"/>
        <line num="324" count="3" type="stmt"/>
        <line num="325" count="4" type="cond" truecount="2" falsecount="0"/>
        <line num="326" count="2" type="stmt"/>
        <line num="330" count="3" type="cond" truecount="2" falsecount="0"/>
        <line num="331" count="2" type="stmt"/>
        <line num="333" count="2" type="cond" truecount="12" falsecount="4"/>
        <line num="334" count="0" type="cond" truecount="0" falsecount="12"/>
        <line num="338" count="3" type="stmt"/>
        <line num="340" count="3" type="stmt"/>
        <line num="341" count="3" type="stmt"/>
        <line num="343" count="2" type="cond" truecount="4" falsecount="0"/>
        <line num="344" count="1" type="stmt"/>
        <line num="346" count="1" type="stmt"/>
        <line num="349" count="6" type="stmt"/>
        <line num="351" count="6" type="stmt"/>
        <line num="353" count="6" type="cond" truecount="1" falsecount="1"/>
        <line num="354" count="6" type="cond" truecount="2" falsecount="0"/>
        <line num="355" count="1" type="stmt"/>
        <line num="357" count="1" type="cond" truecount="1" falsecount="1"/>
        <line num="358" count="1" type="stmt"/>
        <line num="359" count="1" type="cond" truecount="4" falsecount="2"/>
        <line num="360" count="1" type="stmt"/>
        <line num="362" count="0" type="stmt"/>
        <line num="365" count="0" type="stmt"/>
        <line num="368" count="5" type="stmt"/>
        <line num="370" count="0" type="stmt"/>
        <line num="375" count="1" type="cond" truecount="1" falsecount="1"/>
        <line num="376" count="0" type="stmt"/>
        <line num="379" count="1" type="cond" truecount="1" falsecount="1"/>
        <line num="380" count="0" type="stmt"/>
        <line num="383" count="1" type="stmt"/>
        <line num="385" count="1" type="cond" truecount="1" falsecount="1"/>
        <line num="386" count="0" type="stmt"/>
        <line num="389" count="1" type="cond" truecount="9" falsecount="3"/>
        <line num="390" count="0" type="stmt"/>
        <line num="393" count="1" type="stmt"/>
        <line num="395" count="1" type="cond" truecount="1" falsecount="1"/>
        <line num="396" count="1" type="stmt"/>
        <line num="398" count="1" type="cond" truecount="3" falsecount="1"/>
        <line num="399" count="1" type="stmt"/>
        <line num="402" count="1" type="stmt"/>
        <line num="404" count="1" type="cond" truecount="4" falsecount="2"/>
        <line num="405" count="1" type="stmt"/>
        <line num="407" count="0" type="stmt"/>
        <line num="411" count="0" type="stmt"/>
        <line num="416" count="7" type="stmt"/>
      </file>
      <file name="SessionService.ts" path="/home/diego/Documentos/Projetos/xaama-zap/xaama-zap-backend/src/services/SessionService.ts">
        <metrics statements="36" coveredstatements="36" conditionals="12" coveredconditionals="12" methods="2" coveredmethods="2"/>
        <line num="1" count="7" type="stmt"/>
        <line num="2" count="7" type="stmt"/>
        <line num="3" count="7" type="stmt"/>
        <line num="4" count="7" type="stmt"/>
        <line num="5" count="7" type="stmt"/>
        <line num="6" count="7" type="stmt"/>
        <line num="15" count="5" type="cond" truecount="2" falsecount="0"/>
        <line num="16" count="1" type="stmt"/>
        <line num="19" count="4" type="cond" truecount="2" falsecount="0"/>
        <line num="20" count="1" type="stmt"/>
        <line num="23" count="3" type="stmt"/>
        <line num="27" count="3" type="cond" truecount="2" falsecount="0"/>
        <line num="28" count="1" type="stmt"/>
        <line num="31" count="2" type="stmt"/>
        <line num="33" count="2" type="cond" truecount="2" falsecount="0"/>
        <line num="34" count="1" type="stmt"/>
        <line num="37" count="1" type="stmt"/>
        <line num="38" count="1" type="stmt"/>
        <line num="39" count="1" type="stmt"/>
        <line num="41" count="1" type="stmt"/>
        <line num="42" count="1" type="stmt"/>
        <line num="44" count="1" type="stmt"/>
        <line num="48" count="1" type="stmt"/>
        <line num="49" count="1" type="stmt"/>
        <line num="51" count="1" type="stmt"/>
        <line num="55" count="3" type="cond" truecount="2" falsecount="0"/>
        <line num="56" count="1" type="stmt"/>
        <line num="59" count="2" type="stmt"/>
        <line num="63" count="2" type="cond" truecount="2" falsecount="0"/>
        <line num="64" count="1" type="stmt"/>
        <line num="67" count="1" type="stmt"/>
        <line num="68" count="1" type="stmt"/>
        <line num="69" count="1" type="stmt"/>
        <line num="71" count="1" type="stmt"/>
        <line num="75" count="1" type="stmt"/>
        <line num="79" count="7" type="stmt"/>
      </file>
      <file name="UserRoomService.ts" path="/home/diego/Documentos/Projetos/xaama-zap/xaama-zap-backend/src/services/UserRoomService.ts">
        <metrics statements="43" coveredstatements="34" conditionals="48" coveredconditionals="35" methods="3" coveredmethods="3"/>
        <line num="1" count="7" type="stmt"/>
        <line num="2" count="7" type="stmt"/>
        <line num="12" count="1" type="cond" truecount="1" falsecount="1"/>
        <line num="13" count="0" type="stmt"/>
        <line num="16" count="1" type="stmt"/>
        <line num="17" count="1" type="stmt"/>
        <line num="18" count="1" type="stmt"/>
        <line num="24" count="0" type="stmt"/>
        <line num="27" count="1" type="cond" truecount="1" falsecount="1"/>
        <line num="28" count="1" type="stmt"/>
        <line num="31" count="0" type="stmt"/>
        <line num="36" count="4" type="cond" truecount="1" falsecount="1"/>
        <line num="37" count="0" type="stmt"/>
        <line num="40" count="4" type="cond" truecount="1" falsecount="1"/>
        <line num="41" count="0" type="stmt"/>
        <line num="44" count="4" type="stmt"/>
        <line num="45" count="4" type="stmt"/>
        <line num="46" count="4" type="stmt"/>
        <line num="48" count="0" type="stmt"/>
        <line num="51" count="4" type="cond" truecount="1" falsecount="1"/>
        <line num="52" count="4" type="stmt"/>
        <line num="54" count="4" type="cond" truecount="6" falsecount="2"/>
        <line num="55" count="2" type="cond" truecount="1" falsecount="1"/>
        <line num="56" count="2" type="stmt"/>
        <line num="60" count="4" type="cond" truecount="4" falsecount="0"/>
        <line num="61" count="1" type="cond" truecount="6" falsecount="2"/>
        <line num="62" count="1" type="stmt"/>
        <line num="64" count="1" type="stmt"/>
        <line num="66" count="1" type="cond" truecount="1" falsecount="1"/>
        <line num="67" count="1" type="stmt"/>
        <line num="69" count="0" type="stmt"/>
        <line num="72" count="3" type="cond" truecount="4" falsecount="0"/>
        <line num="73" count="1" type="cond" truecount="3" falsecount="1"/>
        <line num="74" count="1" type="stmt"/>
        <line num="76" count="1" type="stmt"/>
        <line num="78" count="1" type="cond" truecount="1" falsecount="1"/>
        <line num="79" count="1" type="stmt"/>
        <line num="81" count="0" type="stmt"/>
        <line num="84" count="2" type="cond" truecount="4" falsecount="0"/>
        <line num="85" count="1" type="stmt"/>
        <line num="87" count="1" type="stmt"/>
        <line num="91" count="0" type="stmt"/>
        <line num="96" count="7" type="stmt"/>
      </file>
      <file name="UserService.ts" path="/home/diego/Documentos/Projetos/xaama-zap/xaama-zap-backend/src/services/UserService.ts">
        <metrics statements="35" coveredstatements="32" conditionals="26" coveredconditionals="20" methods="2" coveredmethods="2"/>
        <line num="1" count="7" type="stmt"/>
        <line num="2" count="7" type="stmt"/>
        <line num="3" count="7" type="stmt"/>
        <line num="4" count="7" type="stmt"/>
        <line num="5" count="7" type="stmt"/>
        <line num="6" count="7" type="stmt"/>
        <line num="7" count="7" type="stmt"/>
        <line num="17" count="1" type="cond" truecount="1" falsecount="1"/>
        <line num="18" count="0" type="stmt"/>
        <line num="21" count="1" type="stmt"/>
        <line num="23" count="1" type="cond" truecount="1" falsecount="1"/>
        <line num="24" count="1" type="stmt"/>
        <line num="30" count="1" type="stmt"/>
        <line num="32" count="0" type="stmt"/>
        <line num="36" count="14" type="cond" truecount="2" falsecount="0"/>
        <line num="37" count="1" type="stmt"/>
        <line num="40" count="13" type="cond" truecount="2" falsecount="0"/>
        <line num="41" count="1" type="stmt"/>
        <line num="44" count="12" type="cond" truecount="2" falsecount="0"/>
        <line num="45" count="1" type="stmt"/>
        <line num="48" count="11" type="stmt"/>
        <line num="52" count="11" type="cond" truecount="2" falsecount="0"/>
        <line num="53" count="1" type="stmt"/>
        <line num="56" count="10" type="stmt"/>
        <line num="58" count="10" type="stmt"/>
        <line num="65" count="10" type="cond" truecount="1" falsecount="1"/>
        <line num="66" count="10" type="stmt"/>
        <line num="67" count="10" type="stmt"/>
        <line num="69" count="10" type="stmt"/>
        <line num="73" count="10" type="stmt"/>
        <line num="74" count="10" type="stmt"/>
        <line num="76" count="10" type="stmt"/>
        <line num="78" count="10" type="stmt"/>
        <line num="80" count="0" type="stmt"/>
        <line num="85" count="7" type="stmt"/>
      </file>
    </package>
  </project>
</coverage>
