{"/home/diego/Documentos/Projetos/xaama-zap/xaama-zap-backend/src/app.ts": {"path":"/home/diego/Documentos/Projetos/xaama-zap/xaama-zap-backend/src/app.ts","statementMap":{"0":{"start":{"line":2,"column":0},"end":{"line":2,"column":67}},"1":{"start":{"line":3,"column":0},"end":{"line":3,"column":45}},"2":{"start":{"line":5,"column":0},"end":{"line":5,"column":24}},"3":{"start":{"line":6,"column":0},"end":{"line":6,"column":33}},"4":{"start":{"line":7,"column":0},"end":{"line":7,"column":29}},"5":{"start":{"line":10,"column":12},"end":{"line":10,"column":21}},"6":{"start":{"line":13,"column":20},"end":{"line":16,"column":2}},"7":{"start":{"line":20,"column":0},"end":{"line":20,"column":24}},"8":{"start":{"line":21,"column":0},"end":{"line":21,"column":27}},"9":{"start":{"line":22,"column":0},"end":{"line":22,"column":16}},"10":{"start":{"line":24,"column":0},"end":{"line":37,"column":2}},"11":{"start":{"line":26,"column":4},"end":{"line":30,"column":null}},"12":{"start":{"line":27,"column":6},"end":{"line":29,"column":9}},"13":{"start":{"line":32,"column":4},"end":{"line":35,"column":7}},"14":{"start":{"line":39,"column":0},"end":{"line":39,"column":19}}},"fnMap":{"0":{"name":"(anonymous_1)","decl":{"start":{"line":25,"column":2},"end":{"line":25,"column":3}},"loc":{"start":{"line":25,"column":76},"end":{"line":36,"column":3}}}},"branchMap":{"0":{"loc":{"start":{"line":26,"column":4},"end":{"line":30,"column":null}},"type":"if","locations":[{"start":{"line":26,"column":4},"end":{"line":30,"column":null}},{"start":{"line":26,"column":4},"end":{"line":30,"column":null}}]}},"s":{"0":2,"1":2,"2":2,"3":2,"4":2,"5":2,"6":2,"7":2,"8":2,"9":2,"10":2,"11":1,"12":1,"13":0,"14":2},"f":{"0":1},"b":{"0":[1,0]}}
,"/home/diego/Documentos/Projetos/xaama-zap/xaama-zap-backend/src/routes.ts": {"path":"/home/diego/Documentos/Projetos/xaama-zap/xaama-zap-backend/src/routes.ts","statementMap":{"0":{"start":{"line":2,"column":0},"end":{"line":2,"column":30}},"1":{"start":{"line":3,"column":0},"end":{"line":3,"column":30}},"2":{"start":{"line":6,"column":0},"end":{"line":6,"column":72}},"3":{"start":{"line":7,"column":0},"end":{"line":7,"column":77}},"4":{"start":{"line":8,"column":0},"end":{"line":8,"column":63}},"5":{"start":{"line":11,"column":15},"end":{"line":11,"column":31}},"6":{"start":{"line":60,"column":9},"end":{"line":60,"column":15}},"7":{"start":{"line":14,"column":0},"end":{"line":14,"column":61}},"8":{"start":{"line":15,"column":0},"end":{"line":15,"column":77}},"9":{"start":{"line":16,"column":0},"end":{"line":16,"column":67}},"10":{"start":{"line":17,"column":0},"end":{"line":17,"column":61}},"11":{"start":{"line":18,"column":0},"end":{"line":18,"column":67}},"12":{"start":{"line":19,"column":0},"end":{"line":19,"column":69}},"13":{"start":{"line":22,"column":23},"end":{"line":22,"column":43}},"14":{"start":{"line":23,"column":31},"end":{"line":23,"column":59}},"15":{"start":{"line":24,"column":26},"end":{"line":24,"column":49}},"16":{"start":{"line":25,"column":23},"end":{"line":25,"column":43}},"17":{"start":{"line":26,"column":26},"end":{"line":26,"column":49}},"18":{"start":{"line":27,"column":27},"end":{"line":27,"column":51}},"19":{"start":{"line":30,"column":0},"end":{"line":32,"column":3}},"20":{"start":{"line":31,"column":2},"end":{"line":31,"column":52}},"21":{"start":{"line":35,"column":0},"end":{"line":35,"column":44}},"22":{"start":{"line":36,"column":0},"end":{"line":36,"column":63}},"23":{"start":{"line":39,"column":0},"end":{"line":39,"column":76}},"24":{"start":{"line":42,"column":0},"end":{"line":42,"column":48}},"25":{"start":{"line":43,"column":0},"end":{"line":43,"column":70}},"26":{"start":{"line":46,"column":0},"end":{"line":46,"column":65}},"27":{"start":{"line":47,"column":0},"end":{"line":47,"column":95}},"28":{"start":{"line":48,"column":0},"end":{"line":48,"column":74}},"29":{"start":{"line":49,"column":0},"end":{"line":49,"column":139}},"30":{"start":{"line":50,"column":0},"end":{"line":50,"column":127}},"31":{"start":{"line":51,"column":0},"end":{"line":51,"column":116}},"32":{"start":{"line":54,"column":0},"end":{"line":54,"column":103}},"33":{"start":{"line":57,"column":0},"end":{"line":57,"column":71}},"34":{"start":{"line":58,"column":0},"end":{"line":58,"column":106}}},"fnMap":{"0":{"name":"(anonymous_1)","decl":{"start":{"line":30,"column":16},"end":{"line":30,"column":17}},"loc":{"start":{"line":30,"column":29},"end":{"line":32,"column":1}}}},"branchMap":{},"s":{"0":2,"1":2,"2":2,"3":2,"4":2,"5":2,"6":2,"7":2,"8":2,"9":2,"10":2,"11":2,"12":2,"13":2,"14":2,"15":2,"16":2,"17":2,"18":2,"19":2,"20":0,"21":2,"22":2,"23":2,"24":2,"25":2,"26":2,"27":2,"28":2,"29":2,"30":2,"31":2,"32":2,"33":2,"34":2},"f":{"0":0},"b":{}}
,"/home/diego/Documentos/Projetos/xaama-zap/xaama-zap-backend/src/server.ts": {"path":"/home/diego/Documentos/Projetos/xaama-zap/xaama-zap-backend/src/server.ts","statementMap":{"0":{"start":{"line":1,"column":0},"end":{"line":1,"column":24}},"1":{"start":{"line":3,"column":13},"end":{"line":3,"column":37}},"2":{"start":{"line":6,"column":0},"end":{"line":10,"column":3}},"3":{"start":{"line":7,"column":2},"end":{"line":7,"column":48}},"4":{"start":{"line":9,"column":2},"end":{"line":9,"column":62}}},"fnMap":{"0":{"name":"(anonymous_1)","decl":{"start":{"line":6,"column":17},"end":{"line":6,"column":20}},"loc":{"start":{"line":6,"column":22},"end":{"line":8,"column":1}}},"1":{"name":"(anonymous_2)","decl":{"start":{"line":8,"column":15},"end":{"line":8,"column":16}},"loc":{"start":{"line":8,"column":25},"end":{"line":10,"column":1}}}},"branchMap":{"0":{"loc":{"start":{"line":3,"column":13},"end":{"line":3,"column":29}},"type":"binary-expr","locations":[{"start":{"line":3,"column":13},"end":{"line":3,"column":29}},{"start":{"line":3,"column":33},"end":{"line":3,"column":37}}]}},"s":{"0":0,"1":0,"2":0,"3":0,"4":0},"f":{"0":0,"1":0},"b":{"0":[0,0]}}
,"/home/diego/Documentos/Projetos/xaama-zap/xaama-zap-backend/src/config/database.ts": {"path":"/home/diego/Documentos/Projetos/xaama-zap/xaama-zap-backend/src/config/database.ts","statementMap":{"0":{"start":{"line":2,"column":0},"end":{"line":2,"column":32}},"1":{"start":{"line":3,"column":0},"end":{"line":3,"column":27}},"2":{"start":{"line":6,"column":0},"end":{"line":6,"column":34}},"3":{"start":{"line":7,"column":0},"end":{"line":7,"column":40}},"4":{"start":{"line":10,"column":12},"end":{"line":10,"column":141}},"5":{"start":{"line":13,"column":0},"end":{"line":20,"column":3}},"6":{"start":{"line":17,"column":2},"end":{"line":17,"column":75}},"7":{"start":{"line":19,"column":2},"end":{"line":19,"column":63}},"8":{"start":{"line":23,"column":0},"end":{"line":23,"column":26}}},"fnMap":{"0":{"name":"(anonymous_1)","decl":{"start":{"line":16,"column":8},"end":{"line":16,"column":11}},"loc":{"start":{"line":16,"column":13},"end":{"line":18,"column":1}}},"1":{"name":"(anonymous_2)","decl":{"start":{"line":18,"column":9},"end":{"line":18,"column":10}},"loc":{"start":{"line":18,"column":19},"end":{"line":20,"column":1}}}},"branchMap":{},"s":{"0":2,"1":2,"2":2,"3":2,"4":2,"5":2,"6":2,"7":0,"8":2},"f":{"0":2,"1":0},"b":{}}
,"/home/diego/Documentos/Projetos/xaama-zap/xaama-zap-backend/src/controllers/MessageController.ts": {"path":"/home/diego/Documentos/Projetos/xaama-zap/xaama-zap-backend/src/controllers/MessageController.ts","statementMap":{"0":{"start":{"line":2,"column":0},"end":{"line":2,"column":60}},"1":{"start":{"line":6,"column":23},"end":{"line":6,"column":30}},"2":{"start":{"line":7,"column":23},"end":{"line":7,"column":37}},"3":{"start":{"line":8,"column":24},"end":{"line":8,"column":36}},"4":{"start":{"line":10,"column":27},"end":{"line":10,"column":47}},"5":{"start":{"line":12,"column":24},"end":{"line":12,"column":80}},"6":{"start":{"line":14,"column":4},"end":{"line":14,"column":50}},"7":{"start":{"line":18,"column":9},"end":{"line":18,"column":26}}},"fnMap":{"0":{"name":"(anonymous_0)","decl":{"start":{"line":5,"column":2},"end":{"line":5,"column":7}},"loc":{"start":{"line":5,"column":51},"end":{"line":15,"column":3}}}},"branchMap":{},"s":{"0":2,"1":0,"2":0,"3":0,"4":0,"5":0,"6":0,"7":2},"f":{"0":0},"b":{}}
,"/home/diego/Documentos/Projetos/xaama-zap/xaama-zap-backend/src/controllers/RefreshTokenController.ts": {"path":"/home/diego/Documentos/Projetos/xaama-zap/xaama-zap-backend/src/controllers/RefreshTokenController.ts","statementMap":{"0":{"start":{"line":2,"column":0},"end":{"line":2,"column":70}},"1":{"start":{"line":6,"column":31},"end":{"line":6,"column":45}},"2":{"start":{"line":8,"column":32},"end":{"line":8,"column":57}},"3":{"start":{"line":10,"column":18},"end":{"line":10,"column":67}},"4":{"start":{"line":12,"column":4},"end":{"line":12,"column":32}},"5":{"start":{"line":16,"column":9},"end":{"line":16,"column":31}}},"fnMap":{"0":{"name":"(anonymous_0)","decl":{"start":{"line":5,"column":2},"end":{"line":5,"column":7}},"loc":{"start":{"line":5,"column":51},"end":{"line":13,"column":3}}}},"branchMap":{},"s":{"0":2,"1":0,"2":0,"3":0,"4":0,"5":2},"f":{"0":0},"b":{}}
,"/home/diego/Documentos/Projetos/xaama-zap/xaama-zap-backend/src/controllers/RoomController.ts": {"path":"/home/diego/Documentos/Projetos/xaama-zap/xaama-zap-backend/src/controllers/RoomController.ts","statementMap":{"0":{"start":{"line":2,"column":0},"end":{"line":2,"column":54}},"1":{"start":{"line":6,"column":23},"end":{"line":6,"column":37}},"2":{"start":{"line":7,"column":27},"end":{"line":7,"column":39}},"3":{"start":{"line":9,"column":24},"end":{"line":9,"column":41}},"4":{"start":{"line":11,"column":17},"end":{"line":11,"column":64}},"5":{"start":{"line":13,"column":4},"end":{"line":13,"column":43}},"6":{"start":{"line":17,"column":23},"end":{"line":17,"column":30}},"7":{"start":{"line":18,"column":40},"end":{"line":18,"column":52}},"8":{"start":{"line":20,"column":24},"end":{"line":20,"column":41}},"9":{"start":{"line":22,"column":17},"end":{"line":22,"column":78}},"10":{"start":{"line":24,"column":4},"end":{"line":24,"column":43}},"11":{"start":{"line":28,"column":23},"end":{"line":28,"column":37}},"12":{"start":{"line":29,"column":23},"end":{"line":29,"column":30}},"13":{"start":{"line":30,"column":67},"end":{"line":30,"column":79}},"14":{"start":{"line":32,"column":24},"end":{"line":32,"column":41}},"15":{"start":{"line":34,"column":24},"end":{"line":41,"column":6}},"16":{"start":{"line":43,"column":4},"end":{"line":43,"column":50}},"17":{"start":{"line":47,"column":23},"end":{"line":47,"column":37}},"18":{"start":{"line":48,"column":23},"end":{"line":48,"column":30}},"19":{"start":{"line":49,"column":51},"end":{"line":49,"column":63}},"20":{"start":{"line":51,"column":24},"end":{"line":51,"column":41}},"21":{"start":{"line":53,"column":24},"end":{"line":58,"column":6}},"22":{"start":{"line":60,"column":4},"end":{"line":60,"column":50}},"23":{"start":{"line":64,"column":23},"end":{"line":64,"column":37}},"24":{"start":{"line":65,"column":23},"end":{"line":65,"column":30}},"25":{"start":{"line":66,"column":30},"end":{"line":66,"column":42}},"26":{"start":{"line":68,"column":24},"end":{"line":68,"column":41}},"27":{"start":{"line":70,"column":24},"end":{"line":74,"column":6}},"28":{"start":{"line":76,"column":4},"end":{"line":76,"column":50}},"29":{"start":{"line":80,"column":23},"end":{"line":80,"column":37}},"30":{"start":{"line":81,"column":23},"end":{"line":81,"column":30}},"31":{"start":{"line":83,"column":24},"end":{"line":83,"column":41}},"32":{"start":{"line":85,"column":17},"end":{"line":85,"column":61}},"33":{"start":{"line":87,"column":4},"end":{"line":87,"column":43}},"34":{"start":{"line":91,"column":9},"end":{"line":91,"column":23}}},"fnMap":{"0":{"name":"(anonymous_0)","decl":{"start":{"line":5,"column":2},"end":{"line":5,"column":7}},"loc":{"start":{"line":5,"column":50},"end":{"line":14,"column":3}}},"1":{"name":"(anonymous_1)","decl":{"start":{"line":16,"column":2},"end":{"line":16,"column":7}},"loc":{"start":{"line":16,"column":51},"end":{"line":25,"column":3}}},"2":{"name":"(anonymous_2)","decl":{"start":{"line":27,"column":2},"end":{"line":27,"column":7}},"loc":{"start":{"line":27,"column":58},"end":{"line":44,"column":3}}},"3":{"name":"(anonymous_3)","decl":{"start":{"line":46,"column":2},"end":{"line":46,"column":7}},"loc":{"start":{"line":46,"column":63},"end":{"line":61,"column":3}}},"4":{"name":"(anonymous_4)","decl":{"start":{"line":63,"column":2},"end":{"line":63,"column":7}},"loc":{"start":{"line":63,"column":51},"end":{"line":77,"column":3}}},"5":{"name":"(anonymous_5)","decl":{"start":{"line":79,"column":2},"end":{"line":79,"column":7}},"loc":{"start":{"line":79,"column":51},"end":{"line":88,"column":3}}}},"branchMap":{},"s":{"0":2,"1":0,"2":0,"3":0,"4":0,"5":0,"6":0,"7":0,"8":0,"9":0,"10":0,"11":0,"12":0,"13":0,"14":0,"15":0,"16":0,"17":0,"18":0,"19":0,"20":0,"21":0,"22":0,"23":0,"24":0,"25":0,"26":0,"27":0,"28":0,"29":0,"30":0,"31":0,"32":0,"33":0,"34":2},"f":{"0":0,"1":0,"2":0,"3":0,"4":0,"5":0},"b":{}}
,"/home/diego/Documentos/Projetos/xaama-zap/xaama-zap-backend/src/controllers/SessionController.ts": {"path":"/home/diego/Documentos/Projetos/xaama-zap/xaama-zap-backend/src/controllers/SessionController.ts","statementMap":{"0":{"start":{"line":2,"column":0},"end":{"line":2,"column":60}},"1":{"start":{"line":6,"column":35},"end":{"line":6,"column":47}},"2":{"start":{"line":8,"column":27},"end":{"line":8,"column":47}},"3":{"start":{"line":10,"column":18},"end":{"line":10,"column":69}},"4":{"start":{"line":12,"column":4},"end":{"line":12,"column":44}},"5":{"start":{"line":16,"column":25},"end":{"line":16,"column":37}},"6":{"start":{"line":18,"column":27},"end":{"line":18,"column":47}},"7":{"start":{"line":20,"column":20},"end":{"line":20,"column":61}},"8":{"start":{"line":22,"column":4},"end":{"line":22,"column":46}},"9":{"start":{"line":26,"column":9},"end":{"line":26,"column":26}}},"fnMap":{"0":{"name":"(anonymous_0)","decl":{"start":{"line":5,"column":2},"end":{"line":5,"column":7}},"loc":{"start":{"line":5,"column":51},"end":{"line":13,"column":3}}},"1":{"name":"(anonymous_1)","decl":{"start":{"line":15,"column":2},"end":{"line":15,"column":7}},"loc":{"start":{"line":15,"column":51},"end":{"line":23,"column":3}}}},"branchMap":{},"s":{"0":2,"1":2,"2":2,"3":2,"4":1,"5":0,"6":0,"7":0,"8":0,"9":2},"f":{"0":2,"1":0},"b":{}}
,"/home/diego/Documentos/Projetos/xaama-zap/xaama-zap-backend/src/controllers/UserController.ts": {"path":"/home/diego/Documentos/Projetos/xaama-zap/xaama-zap-backend/src/controllers/UserController.ts","statementMap":{"0":{"start":{"line":2,"column":0},"end":{"line":2,"column":54}},"1":{"start":{"line":5,"column":23},"end":{"line":5,"column":30}},"2":{"start":{"line":7,"column":24},"end":{"line":7,"column":41}},"3":{"start":{"line":9,"column":17},"end":{"line":9,"column":52}},"4":{"start":{"line":11,"column":4},"end":{"line":11,"column":43}},"5":{"start":{"line":15,"column":42},"end":{"line":15,"column":54}},"6":{"start":{"line":17,"column":24},"end":{"line":17,"column":41}},"7":{"start":{"line":19,"column":42},"end":{"line":19,"column":97}},"8":{"start":{"line":21,"column":4},"end":{"line":21,"column":68}},"9":{"start":{"line":25,"column":9},"end":{"line":25,"column":23}}},"fnMap":{"0":{"name":"(anonymous_0)","decl":{"start":{"line":4,"column":2},"end":{"line":4,"column":7}},"loc":{"start":{"line":4,"column":50},"end":{"line":12,"column":3}}},"1":{"name":"(anonymous_1)","decl":{"start":{"line":14,"column":2},"end":{"line":14,"column":7}},"loc":{"start":{"line":14,"column":51},"end":{"line":22,"column":3}}}},"branchMap":{},"s":{"0":2,"1":0,"2":0,"3":0,"4":0,"5":2,"6":2,"7":2,"8":2,"9":2},"f":{"0":0,"1":2},"b":{}}
,"/home/diego/Documentos/Projetos/xaama-zap/xaama-zap-backend/src/controllers/UserRoomController.ts": {"path":"/home/diego/Documentos/Projetos/xaama-zap/xaama-zap-backend/src/controllers/UserRoomController.ts","statementMap":{"0":{"start":{"line":2,"column":0},"end":{"line":2,"column":62}},"1":{"start":{"line":6,"column":23},"end":{"line":6,"column":30}},"2":{"start":{"line":8,"column":28},"end":{"line":8,"column":49}},"3":{"start":{"line":10,"column":21},"end":{"line":10,"column":60}},"4":{"start":{"line":12,"column":4},"end":{"line":12,"column":47}},"5":{"start":{"line":16,"column":23},"end":{"line":16,"column":37}},"6":{"start":{"line":17,"column":23},"end":{"line":17,"column":30}},"7":{"start":{"line":18,"column":30},"end":{"line":18,"column":42}},"8":{"start":{"line":20,"column":28},"end":{"line":20,"column":49}},"9":{"start":{"line":22,"column":21},"end":{"line":22,"column":84}},"10":{"start":{"line":24,"column":4},"end":{"line":24,"column":47}},"11":{"start":{"line":28,"column":9},"end":{"line":28,"column":27}}},"fnMap":{"0":{"name":"(anonymous_0)","decl":{"start":{"line":5,"column":2},"end":{"line":5,"column":7}},"loc":{"start":{"line":5,"column":50},"end":{"line":13,"column":3}}},"1":{"name":"(anonymous_1)","decl":{"start":{"line":15,"column":2},"end":{"line":15,"column":7}},"loc":{"start":{"line":15,"column":51},"end":{"line":25,"column":3}}}},"branchMap":{},"s":{"0":2,"1":0,"2":0,"3":0,"4":0,"5":0,"6":0,"7":0,"8":0,"9":0,"10":0,"11":2},"f":{"0":0,"1":0},"b":{}}
,"/home/diego/Documentos/Projetos/xaama-zap/xaama-zap-backend/src/entities/Message.ts": {"path":"/home/diego/Documentos/Projetos/xaama-zap/xaama-zap-backend/src/entities/Message.ts","statementMap":{"0":{"start":{"line":2,"column":0},"end":{"line":2,"column":65}},"1":{"start":{"line":13,"column":30},"end":{"line":34,"column":2}},"2":{"start":{"line":37,"column":34},"end":{"line":37,"column":66}},"3":{"start":{"line":39,"column":9},"end":{"line":39,"column":17}}},"fnMap":{},"branchMap":{},"s":{"0":2,"1":2,"2":2,"3":2},"f":{},"b":{}}
,"/home/diego/Documentos/Projetos/xaama-zap/xaama-zap-backend/src/entities/RefreshToken.ts": {"path":"/home/diego/Documentos/Projetos/xaama-zap/xaama-zap-backend/src/entities/RefreshToken.ts","statementMap":{"0":{"start":{"line":2,"column":0},"end":{"line":2,"column":65}},"1":{"start":{"line":12,"column":35},"end":{"line":29,"column":2}},"2":{"start":{"line":32,"column":44},"end":{"line":32,"column":86}},"3":{"start":{"line":34,"column":9},"end":{"line":34,"column":22}}},"fnMap":{},"branchMap":{},"s":{"0":2,"1":2,"2":2,"3":2},"f":{},"b":{}}
,"/home/diego/Documentos/Projetos/xaama-zap/xaama-zap-backend/src/entities/Room.ts": {"path":"/home/diego/Documentos/Projetos/xaama-zap/xaama-zap-backend/src/entities/Room.ts","statementMap":{"0":{"start":{"line":2,"column":0},"end":{"line":2,"column":65}},"1":{"start":{"line":18,"column":27},"end":{"line":60,"column":2}},"2":{"start":{"line":63,"column":28},"end":{"line":63,"column":54}},"3":{"start":{"line":65,"column":9},"end":{"line":65,"column":14}}},"fnMap":{},"branchMap":{},"s":{"0":2,"1":2,"2":2,"3":2},"f":{},"b":{}}
,"/home/diego/Documentos/Projetos/xaama-zap/xaama-zap-backend/src/entities/User.ts": {"path":"/home/diego/Documentos/Projetos/xaama-zap/xaama-zap-backend/src/entities/User.ts","statementMap":{"0":{"start":{"line":2,"column":0},"end":{"line":2,"column":58}},"1":{"start":{"line":14,"column":27},"end":{"line":39,"column":2}},"2":{"start":{"line":42,"column":28},"end":{"line":42,"column":54}},"3":{"start":{"line":44,"column":9},"end":{"line":44,"column":14}}},"fnMap":{},"branchMap":{},"s":{"0":2,"1":2,"2":2,"3":2},"f":{},"b":{}}
,"/home/diego/Documentos/Projetos/xaama-zap/xaama-zap-backend/src/entities/UserRoom.ts": {"path":"/home/diego/Documentos/Projetos/xaama-zap/xaama-zap-backend/src/entities/UserRoom.ts","statementMap":{"0":{"start":{"line":2,"column":0},"end":{"line":2,"column":65}},"1":{"start":{"line":13,"column":31},"end":{"line":36,"column":2}},"2":{"start":{"line":39,"column":37},"end":{"line":39,"column":72}},"3":{"start":{"line":41,"column":9},"end":{"line":41,"column":19}}},"fnMap":{},"branchMap":{},"s":{"0":2,"1":2,"2":2,"3":2},"f":{},"b":{}}
,"/home/diego/Documentos/Projetos/xaama-zap/xaama-zap-backend/src/errors/AppError.ts": {"path":"/home/diego/Documentos/Projetos/xaama-zap/xaama-zap-backend/src/errors/AppError.ts","statementMap":{"0":{"start":{"line":6,"column":4},"end":{"line":6,"column":27}},"1":{"start":{"line":7,"column":4},"end":{"line":7,"column":33}},"2":{"start":{"line":1,"column":0},"end":{"line":1,"column":13}}},"fnMap":{"0":{"name":"(anonymous_0)","decl":{"start":{"line":5,"column":2},"end":{"line":5,"column":14}},"loc":{"start":{"line":5,"column":47},"end":{"line":8,"column":3}}}},"branchMap":{"0":{"loc":{"start":{"line":5,"column":44},"end":{"line":5,"column":47}},"type":"default-arg","locations":[{"start":{"line":5,"column":44},"end":{"line":5,"column":47}}]}},"s":{"0":1,"1":1,"2":2},"f":{"0":1},"b":{"0":[1]}}
,"/home/diego/Documentos/Projetos/xaama-zap/xaama-zap-backend/src/helpers/DeleteAllMessagesFromRoom.ts": {"path":"/home/diego/Documentos/Projetos/xaama-zap/xaama-zap-backend/src/helpers/DeleteAllMessagesFromRoom.ts","statementMap":{"0":{"start":{"line":1,"column":0},"end":{"line":1,"column":47}},"1":{"start":{"line":5,"column":4},"end":{"line":18,"column":7}},"2":{"start":{"line":6,"column":20},"end":{"line":6,"column":24}},"3":{"start":{"line":7,"column":6},"end":{"line":11,"column":null}},"4":{"start":{"line":8,"column":8},"end":{"line":8,"column":53}},"5":{"start":{"line":10,"column":8},"end":{"line":10,"column":21}},"6":{"start":{"line":13,"column":6},"end":{"line":17,"column":null}},"7":{"start":{"line":14,"column":8},"end":{"line":14,"column":31}},"8":{"start":{"line":16,"column":8},"end":{"line":16,"column":21}},"9":{"start":{"line":20,"column":4},"end":{"line":20,"column":16}},"10":{"start":{"line":24,"column":9},"end":{"line":24,"column":34}}},"fnMap":{"0":{"name":"(anonymous_0)","decl":{"start":{"line":4,"column":2},"end":{"line":4,"column":9}},"loc":{"start":{"line":4,"column":32},"end":{"line":21,"column":3}}},"1":{"name":"(anonymous_1)","decl":{"start":{"line":5,"column":20},"end":{"line":5,"column":25}},"loc":{"start":{"line":5,"column":40},"end":{"line":18,"column":5}}}},"branchMap":{"0":{"loc":{"start":{"line":5,"column":14},"end":{"line":5,"column":16}},"type":"cond-expr","locations":[{"start":{"line":5,"column":14},"end":{"line":5,"column":16}},{"start":{"line":5,"column":4},"end":{"line":18,"column":7}}]},"1":{"loc":{"start":{"line":5,"column":4},"end":{"line":5,"column":16}},"type":"binary-expr","locations":[{"start":{"line":5,"column":4},"end":{"line":5,"column":16}},{"start":{"line":5,"column":4},"end":{"line":5,"column":16}}]},"2":{"loc":{"start":{"line":13,"column":6},"end":{"line":17,"column":null}},"type":"if","locations":[{"start":{"line":13,"column":6},"end":{"line":17,"column":null}},{"start":{"line":13,"column":6},"end":{"line":17,"column":null}}]}},"s":{"0":2,"1":0,"2":0,"3":0,"4":0,"5":0,"6":0,"7":0,"8":0,"9":0,"10":2},"f":{"0":0,"1":0},"b":{"0":[0,0],"1":[0,0],"2":[0,0]}}
,"/home/diego/Documentos/Projetos/xaama-zap/xaama-zap-backend/src/helpers/EnterUserRoom.ts": {"path":"/home/diego/Documentos/Projetos/xaama-zap/xaama-zap-backend/src/helpers/EnterUserRoom.ts","statementMap":{"0":{"start":{"line":2,"column":0},"end":{"line":2,"column":50}},"1":{"start":{"line":11,"column":4},"end":{"line":13,"column":null}},"2":{"start":{"line":12,"column":6},"end":{"line":12,"column":19}},"3":{"start":{"line":15,"column":4},"end":{"line":17,"column":null}},"4":{"start":{"line":16,"column":6},"end":{"line":16,"column":19}},"5":{"start":{"line":19,"column":19},"end":{"line":19,"column":23}},"6":{"start":{"line":20,"column":4},"end":{"line":24,"column":null}},"7":{"start":{"line":21,"column":6},"end":{"line":21,"column":54}},"8":{"start":{"line":23,"column":6},"end":{"line":23,"column":19}},"9":{"start":{"line":26,"column":4},"end":{"line":60,"column":null}},"10":{"start":{"line":27,"column":23},"end":{"line":27,"column":28}},"11":{"start":{"line":29,"column":6},"end":{"line":33,"column":9}},"12":{"start":{"line":30,"column":8},"end":{"line":32,"column":null}},"13":{"start":{"line":31,"column":10},"end":{"line":31,"column":28}},"14":{"start":{"line":35,"column":6},"end":{"line":37,"column":null}},"15":{"start":{"line":36,"column":8},"end":{"line":36,"column":21}},"16":{"start":{"line":39,"column":6},"end":{"line":39,"column":36}},"17":{"start":{"line":40,"column":6},"end":{"line":40,"column":47}},"18":{"start":{"line":42,"column":29},"end":{"line":42,"column":50}},"19":{"start":{"line":44,"column":6},"end":{"line":48,"column":null}},"20":{"start":{"line":45,"column":8},"end":{"line":45,"column":20}},"21":{"start":{"line":47,"column":8},"end":{"line":47,"column":21}},"22":{"start":{"line":50,"column":23},"end":{"line":53,"column":8}},"23":{"start":{"line":55,"column":6},"end":{"line":59,"column":null}},"24":{"start":{"line":56,"column":8},"end":{"line":56,"column":20}},"25":{"start":{"line":58,"column":8},"end":{"line":58,"column":21}},"26":{"start":{"line":64,"column":9},"end":{"line":64,"column":22}}},"fnMap":{"0":{"name":"(anonymous_0)","decl":{"start":{"line":10,"column":2},"end":{"line":10,"column":7}},"loc":{"start":{"line":10,"column":52},"end":{"line":61,"column":3}}},"1":{"name":"(anonymous_1)","decl":{"start":{"line":29,"column":32},"end":{"line":29,"column":35}},"loc":{"start":{"line":29,"column":38},"end":{"line":33,"column":7}}}},"branchMap":{"0":{"loc":{"start":{"line":11,"column":4},"end":{"line":13,"column":null}},"type":"if","locations":[{"start":{"line":11,"column":4},"end":{"line":13,"column":null}},{"start":{"line":11,"column":4},"end":{"line":13,"column":null}}]},"1":{"loc":{"start":{"line":15,"column":4},"end":{"line":17,"column":null}},"type":"if","locations":[{"start":{"line":15,"column":4},"end":{"line":17,"column":null}},{"start":{"line":15,"column":4},"end":{"line":17,"column":null}}]},"2":{"loc":{"start":{"line":26,"column":4},"end":{"line":60,"column":null}},"type":"if","locations":[{"start":{"line":26,"column":4},"end":{"line":60,"column":null}},{"start":{"line":26,"column":4},"end":{"line":60,"column":null}}]},"3":{"loc":{"start":{"line":29,"column":22},"end":{"line":29,"column":24}},"type":"cond-expr","locations":[{"start":{"line":29,"column":22},"end":{"line":29,"column":24}},{"start":{"line":29,"column":22},"end":{"line":33,"column":9}}]},"4":{"loc":{"start":{"line":29,"column":6},"end":{"line":29,"column":24}},"type":"binary-expr","locations":[{"start":{"line":29,"column":6},"end":{"line":29,"column":24}},{"start":{"line":29,"column":22},"end":{"line":29,"column":24}}]},"5":{"loc":{"start":{"line":29,"column":14},"end":{"line":29,"column":16}},"type":"cond-expr","locations":[{"start":{"line":29,"column":14},"end":{"line":29,"column":16}},{"start":{"line":29,"column":6},"end":{"line":29,"column":22}}]},"6":{"loc":{"start":{"line":29,"column":6},"end":{"line":29,"column":16}},"type":"binary-expr","locations":[{"start":{"line":29,"column":6},"end":{"line":29,"column":16}},{"start":{"line":29,"column":6},"end":{"line":29,"column":16}}]},"7":{"loc":{"start":{"line":30,"column":8},"end":{"line":32,"column":null}},"type":"if","locations":[{"start":{"line":30,"column":8},"end":{"line":32,"column":null}},{"start":{"line":30,"column":8},"end":{"line":32,"column":null}}]},"8":{"loc":{"start":{"line":35,"column":6},"end":{"line":37,"column":null}},"type":"if","locations":[{"start":{"line":35,"column":6},"end":{"line":37,"column":null}},{"start":{"line":35,"column":6},"end":{"line":37,"column":null}}]},"9":{"loc":{"start":{"line":39,"column":14},"end":{"line":39,"column":16}},"type":"cond-expr","locations":[{"start":{"line":39,"column":14},"end":{"line":39,"column":16}},{"start":{"line":39,"column":6},"end":{"line":39,"column":36}}]},"10":{"loc":{"start":{"line":39,"column":6},"end":{"line":39,"column":16}},"type":"binary-expr","locations":[{"start":{"line":39,"column":6},"end":{"line":39,"column":16}},{"start":{"line":39,"column":6},"end":{"line":39,"column":16}}]},"11":{"loc":{"start":{"line":44,"column":6},"end":{"line":48,"column":null}},"type":"if","locations":[{"start":{"line":44,"column":6},"end":{"line":48,"column":null}},{"start":{"line":44,"column":6},"end":{"line":48,"column":null}}]},"12":{"loc":{"start":{"line":55,"column":6},"end":{"line":59,"column":null}},"type":"if","locations":[{"start":{"line":55,"column":6},"end":{"line":59,"column":null}},{"start":{"line":55,"column":6},"end":{"line":59,"column":null}}]}},"s":{"0":2,"1":0,"2":0,"3":0,"4":0,"5":0,"6":0,"7":0,"8":0,"9":0,"10":0,"11":0,"12":0,"13":0,"14":0,"15":0,"16":0,"17":0,"18":0,"19":0,"20":0,"21":0,"22":0,"23":0,"24":0,"25":0,"26":2},"f":{"0":0,"1":0},"b":{"0":[0,0],"1":[0,0],"2":[0,0],"3":[0,0],"4":[0,0],"5":[0,0],"6":[0,0],"7":[0,0],"8":[0,0],"9":[0,0],"10":[0,0],"11":[0,0],"12":[0,0]}}
,"/home/diego/Documentos/Projetos/xaama-zap/xaama-zap-backend/src/helpers/ExitUserRoom.ts": {"path":"/home/diego/Documentos/Projetos/xaama-zap/xaama-zap-backend/src/helpers/ExitUserRoom.ts","statementMap":{"0":{"start":{"line":2,"column":0},"end":{"line":2,"column":50}},"1":{"start":{"line":11,"column":4},"end":{"line":13,"column":null}},"2":{"start":{"line":12,"column":6},"end":{"line":12,"column":19}},"3":{"start":{"line":15,"column":4},"end":{"line":17,"column":null}},"4":{"start":{"line":16,"column":6},"end":{"line":16,"column":19}},"5":{"start":{"line":19,"column":19},"end":{"line":19,"column":23}},"6":{"start":{"line":20,"column":4},"end":{"line":24,"column":null}},"7":{"start":{"line":21,"column":6},"end":{"line":21,"column":54}},"8":{"start":{"line":23,"column":6},"end":{"line":23,"column":19}},"9":{"start":{"line":26,"column":4},"end":{"line":51,"column":null}},"10":{"start":{"line":27,"column":23},"end":{"line":27,"column":28}},"11":{"start":{"line":29,"column":6},"end":{"line":33,"column":9}},"12":{"start":{"line":30,"column":8},"end":{"line":32,"column":null}},"13":{"start":{"line":31,"column":10},"end":{"line":31,"column":28}},"14":{"start":{"line":35,"column":6},"end":{"line":37,"column":null}},"15":{"start":{"line":36,"column":8},"end":{"line":36,"column":21}},"16":{"start":{"line":39,"column":6},"end":{"line":39,"column":65}},"17":{"start":{"line":40,"column":6},"end":{"line":40,"column":91}},"18":{"start":{"line":42,"column":6},"end":{"line":42,"column":47}},"19":{"start":{"line":44,"column":29},"end":{"line":44,"column":50}},"20":{"start":{"line":46,"column":6},"end":{"line":50,"column":null}},"21":{"start":{"line":47,"column":8},"end":{"line":47,"column":20}},"22":{"start":{"line":49,"column":8},"end":{"line":49,"column":21}},"23":{"start":{"line":53,"column":4},"end":{"line":53,"column":null}},"24":{"start":{"line":57,"column":9},"end":{"line":57,"column":21}}},"fnMap":{"0":{"name":"(anonymous_0)","decl":{"start":{"line":10,"column":2},"end":{"line":10,"column":7}},"loc":{"start":{"line":10,"column":52},"end":{"line":54,"column":3}}},"1":{"name":"(anonymous_1)","decl":{"start":{"line":29,"column":32},"end":{"line":29,"column":35}},"loc":{"start":{"line":29,"column":38},"end":{"line":33,"column":7}}}},"branchMap":{"0":{"loc":{"start":{"line":11,"column":4},"end":{"line":13,"column":null}},"type":"if","locations":[{"start":{"line":11,"column":4},"end":{"line":13,"column":null}},{"start":{"line":11,"column":4},"end":{"line":13,"column":null}}]},"1":{"loc":{"start":{"line":15,"column":4},"end":{"line":17,"column":null}},"type":"if","locations":[{"start":{"line":15,"column":4},"end":{"line":17,"column":null}},{"start":{"line":15,"column":4},"end":{"line":17,"column":null}}]},"2":{"loc":{"start":{"line":26,"column":4},"end":{"line":51,"column":null}},"type":"if","locations":[{"start":{"line":26,"column":4},"end":{"line":51,"column":null}},{"start":{"line":26,"column":4},"end":{"line":51,"column":null}}]},"3":{"loc":{"start":{"line":29,"column":22},"end":{"line":29,"column":24}},"type":"cond-expr","locations":[{"start":{"line":29,"column":22},"end":{"line":29,"column":24}},{"start":{"line":29,"column":22},"end":{"line":33,"column":9}}]},"4":{"loc":{"start":{"line":29,"column":6},"end":{"line":29,"column":24}},"type":"binary-expr","locations":[{"start":{"line":29,"column":6},"end":{"line":29,"column":24}},{"start":{"line":29,"column":22},"end":{"line":29,"column":24}}]},"5":{"loc":{"start":{"line":29,"column":14},"end":{"line":29,"column":16}},"type":"cond-expr","locations":[{"start":{"line":29,"column":14},"end":{"line":29,"column":16}},{"start":{"line":29,"column":6},"end":{"line":29,"column":22}}]},"6":{"loc":{"start":{"line":29,"column":6},"end":{"line":29,"column":16}},"type":"binary-expr","locations":[{"start":{"line":29,"column":6},"end":{"line":29,"column":16}},{"start":{"line":29,"column":6},"end":{"line":29,"column":16}}]},"7":{"loc":{"start":{"line":30,"column":8},"end":{"line":32,"column":null}},"type":"if","locations":[{"start":{"line":30,"column":8},"end":{"line":32,"column":null}},{"start":{"line":30,"column":8},"end":{"line":32,"column":null}}]},"8":{"loc":{"start":{"line":35,"column":6},"end":{"line":37,"column":null}},"type":"if","locations":[{"start":{"line":35,"column":6},"end":{"line":37,"column":null}},{"start":{"line":35,"column":6},"end":{"line":37,"column":null}}]},"9":{"loc":{"start":{"line":46,"column":6},"end":{"line":50,"column":null}},"type":"if","locations":[{"start":{"line":46,"column":6},"end":{"line":50,"column":null}},{"start":{"line":46,"column":6},"end":{"line":50,"column":null}}]}},"s":{"0":2,"1":0,"2":0,"3":0,"4":0,"5":0,"6":0,"7":0,"8":0,"9":0,"10":0,"11":0,"12":0,"13":0,"14":0,"15":0,"16":0,"17":0,"18":0,"19":0,"20":0,"21":0,"22":0,"23":0,"24":2},"f":{"0":0,"1":0},"b":{"0":[0,0],"1":[0,0],"2":[0,0],"3":[0,0],"4":[0,0],"5":[0,0],"6":[0,0],"7":[0,0],"8":[0,0],"9":[0,0]}}
,"/home/diego/Documentos/Projetos/xaama-zap/xaama-zap-backend/src/helpers/GenerateRefreshToken.ts": {"path":"/home/diego/Documentos/Projetos/xaama-zap/xaama-zap-backend/src/helpers/GenerateRefreshToken.ts","statementMap":{"0":{"start":{"line":1,"column":0},"end":{"line":1,"column":57}},"1":{"start":{"line":2,"column":0},"end":{"line":2,"column":46}},"2":{"start":{"line":3,"column":0},"end":{"line":3,"column":26}},"3":{"start":{"line":7,"column":34},"end":{"line":7,"column":68}},"4":{"start":{"line":9,"column":33},"end":{"line":12,"column":6}},"5":{"start":{"line":14,"column":4},"end":{"line":16,"column":null}},"6":{"start":{"line":15,"column":6},"end":{"line":15,"column":34}},"7":{"start":{"line":18,"column":4},"end":{"line":18,"column":55}},"8":{"start":{"line":22,"column":9},"end":{"line":22,"column":29}}},"fnMap":{"0":{"name":"(anonymous_1)","decl":{"start":{"line":6,"column":2},"end":{"line":6,"column":7}},"loc":{"start":{"line":6,"column":30},"end":{"line":19,"column":3}}}},"branchMap":{"0":{"loc":{"start":{"line":14,"column":4},"end":{"line":16,"column":null}},"type":"if","locations":[{"start":{"line":14,"column":4},"end":{"line":16,"column":null}},{"start":{"line":14,"column":4},"end":{"line":16,"column":null}}]}},"s":{"0":2,"1":2,"2":2,"3":3,"4":3,"5":3,"6":3,"7":0,"8":2},"f":{"0":3},"b":{"0":[3,0]}}
,"/home/diego/Documentos/Projetos/xaama-zap/xaama-zap-backend/src/helpers/GenerateTokenProvider.ts": {"path":"/home/diego/Documentos/Projetos/xaama-zap/xaama-zap-backend/src/helpers/GenerateTokenProvider.ts","statementMap":{"0":{"start":{"line":1,"column":0},"end":{"line":1,"column":36}},"1":{"start":{"line":12,"column":18},"end":{"line":19,"column":6}},"2":{"start":{"line":21,"column":4},"end":{"line":21,"column":17}},"3":{"start":{"line":25,"column":9},"end":{"line":25,"column":30}}},"fnMap":{"0":{"name":"(anonymous_0)","decl":{"start":{"line":11,"column":2},"end":{"line":11,"column":7}},"loc":{"start":{"line":11,"column":63},"end":{"line":22,"column":3}}}},"branchMap":{},"s":{"0":2,"1":3,"2":3,"3":2},"f":{"0":3},"b":{}}
,"/home/diego/Documentos/Projetos/xaama-zap/xaama-zap-backend/src/middlewares/ensureAdminRoom.ts": {"path":"/home/diego/Documentos/Projetos/xaama-zap/xaama-zap-backend/src/middlewares/ensureAdminRoom.ts","statementMap":{"0":{"start":{"line":2,"column":0},"end":{"line":2,"column":41}},"1":{"start":{"line":3,"column":0},"end":{"line":3,"column":46}},"2":{"start":{"line":6,"column":21},"end":{"line":6,"column":35}},"3":{"start":{"line":7,"column":21},"end":{"line":7,"column":28}},"4":{"start":{"line":8,"column":16},"end":{"line":8,"column":21}},"5":{"start":{"line":10,"column":2},"end":{"line":12,"column":null}},"6":{"start":{"line":11,"column":4},"end":{"line":11,"column":43}},"7":{"start":{"line":14,"column":27},"end":{"line":14,"column":55}},"8":{"start":{"line":16,"column":2},"end":{"line":20,"column":5}},"9":{"start":{"line":17,"column":4},"end":{"line":19,"column":null}},"10":{"start":{"line":18,"column":6},"end":{"line":18,"column":21}},"11":{"start":{"line":22,"column":2},"end":{"line":24,"column":null}},"12":{"start":{"line":23,"column":4},"end":{"line":23,"column":18}},"13":{"start":{"line":26,"column":2},"end":{"line":26,"column":56}},"14":{"start":{"line":5,"column":0},"end":{"line":5,"column":7}}},"fnMap":{"0":{"name":"ensureAdminRoom","decl":{"start":{"line":5,"column":22},"end":{"line":5,"column":37}},"loc":{"start":{"line":5,"column":94},"end":{"line":27,"column":1}}},"1":{"name":"(anonymous_1)","decl":{"start":{"line":16,"column":23},"end":{"line":16,"column":26}},"loc":{"start":{"line":16,"column":29},"end":{"line":20,"column":3}}}},"branchMap":{"0":{"loc":{"start":{"line":10,"column":2},"end":{"line":12,"column":null}},"type":"if","locations":[{"start":{"line":10,"column":2},"end":{"line":12,"column":null}},{"start":{"line":10,"column":2},"end":{"line":12,"column":null}}]},"1":{"loc":{"start":{"line":17,"column":4},"end":{"line":19,"column":null}},"type":"if","locations":[{"start":{"line":17,"column":4},"end":{"line":19,"column":null}},{"start":{"line":17,"column":4},"end":{"line":19,"column":null}}]},"2":{"loc":{"start":{"line":22,"column":2},"end":{"line":24,"column":null}},"type":"if","locations":[{"start":{"line":22,"column":2},"end":{"line":24,"column":null}},{"start":{"line":22,"column":2},"end":{"line":24,"column":null}}]}},"s":{"0":2,"1":2,"2":0,"3":0,"4":0,"5":0,"6":0,"7":0,"8":0,"9":0,"10":0,"11":0,"12":0,"13":0,"14":2},"f":{"0":0,"1":0},"b":{"0":[0,0],"1":[0,0],"2":[0,0]}}
,"/home/diego/Documentos/Projetos/xaama-zap/xaama-zap-backend/src/middlewares/ensureAuthenticated.ts": {"path":"/home/diego/Documentos/Projetos/xaama-zap/xaama-zap-backend/src/middlewares/ensureAuthenticated.ts","statementMap":{"0":{"start":{"line":2,"column":0},"end":{"line":2,"column":38}},"1":{"start":{"line":9,"column":20},"end":{"line":9,"column":49}},"2":{"start":{"line":11,"column":2},"end":{"line":13,"column":null}},"3":{"start":{"line":12,"column":4},"end":{"line":12,"column":38}},"4":{"start":{"line":15,"column":20},"end":{"line":15,"column":40}},"5":{"start":{"line":17,"column":2},"end":{"line":24,"column":null}},"6":{"start":{"line":18,"column":20},"end":{"line":18,"column":64}},"7":{"start":{"line":19,"column":4},"end":{"line":19,"column":25}},"8":{"start":{"line":21,"column":4},"end":{"line":21,"column":18}},"9":{"start":{"line":23,"column":4},"end":{"line":23,"column":38}},"10":{"start":{"line":8,"column":0},"end":{"line":8,"column":16}}},"fnMap":{"0":{"name":"ensureAuthenticated","decl":{"start":{"line":8,"column":16},"end":{"line":8,"column":35}},"loc":{"start":{"line":8,"column":92},"end":{"line":25,"column":1}}}},"branchMap":{"0":{"loc":{"start":{"line":11,"column":2},"end":{"line":13,"column":null}},"type":"if","locations":[{"start":{"line":11,"column":2},"end":{"line":13,"column":null}},{"start":{"line":11,"column":2},"end":{"line":13,"column":null}}]}},"s":{"0":2,"1":0,"2":0,"3":0,"4":0,"5":0,"6":0,"7":0,"8":0,"9":0,"10":2},"f":{"0":0},"b":{"0":[0,0]}}
,"/home/diego/Documentos/Projetos/xaama-zap/xaama-zap-backend/src/middlewares/ensureParticipatesRoom.ts": {"path":"/home/diego/Documentos/Projetos/xaama-zap/xaama-zap-backend/src/middlewares/ensureParticipatesRoom.ts","statementMap":{"0":{"start":{"line":2,"column":0},"end":{"line":2,"column":41}},"1":{"start":{"line":3,"column":0},"end":{"line":3,"column":46}},"2":{"start":{"line":6,"column":21},"end":{"line":6,"column":35}},"3":{"start":{"line":7,"column":21},"end":{"line":7,"column":28}},"4":{"start":{"line":8,"column":22},"end":{"line":8,"column":27}},"5":{"start":{"line":10,"column":2},"end":{"line":12,"column":null}},"6":{"start":{"line":11,"column":4},"end":{"line":11,"column":43}},"7":{"start":{"line":14,"column":2},"end":{"line":18,"column":null}},"8":{"start":{"line":15,"column":22},"end":{"line":15,"column":50}},"9":{"start":{"line":17,"column":4},"end":{"line":17,"column":41}},"10":{"start":{"line":20,"column":2},"end":{"line":22,"column":null}},"11":{"start":{"line":21,"column":4},"end":{"line":21,"column":45}},"12":{"start":{"line":24,"column":2},"end":{"line":28,"column":5}},"13":{"start":{"line":25,"column":4},"end":{"line":27,"column":null}},"14":{"start":{"line":26,"column":6},"end":{"line":26,"column":27}},"15":{"start":{"line":30,"column":2},"end":{"line":32,"column":null}},"16":{"start":{"line":31,"column":4},"end":{"line":31,"column":18}},"17":{"start":{"line":34,"column":2},"end":{"line":34,"column":54}},"18":{"start":{"line":5,"column":0},"end":{"line":5,"column":7}}},"fnMap":{"0":{"name":"ensureParticipatesRoom","decl":{"start":{"line":5,"column":22},"end":{"line":5,"column":44}},"loc":{"start":{"line":5,"column":101},"end":{"line":35,"column":1}}},"1":{"name":"(anonymous_1)","decl":{"start":{"line":24,"column":18},"end":{"line":24,"column":21}},"loc":{"start":{"line":24,"column":24},"end":{"line":28,"column":3}}}},"branchMap":{"0":{"loc":{"start":{"line":10,"column":2},"end":{"line":12,"column":null}},"type":"if","locations":[{"start":{"line":10,"column":2},"end":{"line":12,"column":null}},{"start":{"line":10,"column":2},"end":{"line":12,"column":null}}]},"1":{"loc":{"start":{"line":20,"column":2},"end":{"line":22,"column":null}},"type":"if","locations":[{"start":{"line":20,"column":2},"end":{"line":22,"column":null}},{"start":{"line":20,"column":2},"end":{"line":22,"column":null}}]},"2":{"loc":{"start":{"line":25,"column":4},"end":{"line":27,"column":null}},"type":"if","locations":[{"start":{"line":25,"column":4},"end":{"line":27,"column":null}},{"start":{"line":25,"column":4},"end":{"line":27,"column":null}}]},"3":{"loc":{"start":{"line":30,"column":2},"end":{"line":32,"column":null}},"type":"if","locations":[{"start":{"line":30,"column":2},"end":{"line":32,"column":null}},{"start":{"line":30,"column":2},"end":{"line":32,"column":null}}]}},"s":{"0":2,"1":2,"2":0,"3":0,"4":0,"5":0,"6":0,"7":0,"8":0,"9":0,"10":0,"11":0,"12":0,"13":0,"14":0,"15":0,"16":0,"17":0,"18":2},"f":{"0":0,"1":0},"b":{"0":[0,0],"1":[0,0],"2":[0,0],"3":[0,0]}}
,"/home/diego/Documentos/Projetos/xaama-zap/xaama-zap-backend/src/services/MessageService.ts": {"path":"/home/diego/Documentos/Projetos/xaama-zap/xaama-zap-backend/src/services/MessageService.ts","statementMap":{"0":{"start":{"line":1,"column":0},"end":{"line":1,"column":47}},"1":{"start":{"line":2,"column":0},"end":{"line":2,"column":41}},"2":{"start":{"line":3,"column":0},"end":{"line":3,"column":46}},"3":{"start":{"line":13,"column":4},"end":{"line":15,"column":null}},"4":{"start":{"line":14,"column":6},"end":{"line":14,"column":45}},"5":{"start":{"line":17,"column":4},"end":{"line":19,"column":null}},"6":{"start":{"line":18,"column":6},"end":{"line":18,"column":45}},"7":{"start":{"line":21,"column":4},"end":{"line":23,"column":null}},"8":{"start":{"line":22,"column":6},"end":{"line":22,"column":49}},"9":{"start":{"line":25,"column":24},"end":{"line":25,"column":74}},"10":{"start":{"line":27,"column":4},"end":{"line":47,"column":null}},"11":{"start":{"line":28,"column":19},"end":{"line":28,"column":47}},"12":{"start":{"line":30,"column":6},"end":{"line":32,"column":null}},"13":{"start":{"line":31,"column":8},"end":{"line":31,"column":49}},"14":{"start":{"line":34,"column":6},"end":{"line":34,"column":42}},"15":{"start":{"line":35,"column":6},"end":{"line":35,"column":43}},"16":{"start":{"line":37,"column":32},"end":{"line":37,"column":49}},"17":{"start":{"line":39,"column":6},"end":{"line":43,"column":null}},"18":{"start":{"line":40,"column":8},"end":{"line":40,"column":27}},"19":{"start":{"line":42,"column":8},"end":{"line":42,"column":53}},"20":{"start":{"line":46,"column":6},"end":{"line":46,"column":43}},"21":{"start":{"line":51,"column":9},"end":{"line":51,"column":23}}},"fnMap":{"0":{"name":"(anonymous_0)","decl":{"start":{"line":12,"column":2},"end":{"line":12,"column":7}},"loc":{"start":{"line":12,"column":59},"end":{"line":48,"column":3}}}},"branchMap":{"0":{"loc":{"start":{"line":13,"column":4},"end":{"line":15,"column":null}},"type":"if","locations":[{"start":{"line":13,"column":4},"end":{"line":15,"column":null}},{"start":{"line":13,"column":4},"end":{"line":15,"column":null}}]},"1":{"loc":{"start":{"line":17,"column":4},"end":{"line":19,"column":null}},"type":"if","locations":[{"start":{"line":17,"column":4},"end":{"line":19,"column":null}},{"start":{"line":17,"column":4},"end":{"line":19,"column":null}}]},"2":{"loc":{"start":{"line":21,"column":4},"end":{"line":23,"column":null}},"type":"if","locations":[{"start":{"line":21,"column":4},"end":{"line":23,"column":null}},{"start":{"line":21,"column":4},"end":{"line":23,"column":null}}]},"3":{"loc":{"start":{"line":27,"column":4},"end":{"line":47,"column":null}},"type":"if","locations":[{"start":{"line":27,"column":4},"end":{"line":47,"column":null}},{"start":{"line":27,"column":4},"end":{"line":47,"column":null}}]},"4":{"loc":{"start":{"line":30,"column":6},"end":{"line":32,"column":null}},"type":"if","locations":[{"start":{"line":30,"column":6},"end":{"line":32,"column":null}},{"start":{"line":30,"column":6},"end":{"line":32,"column":null}}]},"5":{"loc":{"start":{"line":39,"column":6},"end":{"line":43,"column":null}},"type":"if","locations":[{"start":{"line":39,"column":6},"end":{"line":43,"column":null}},{"start":{"line":39,"column":6},"end":{"line":43,"column":null}}]}},"s":{"0":2,"1":2,"2":2,"3":0,"4":0,"5":0,"6":0,"7":0,"8":0,"9":0,"10":0,"11":0,"12":0,"13":0,"14":0,"15":0,"16":0,"17":0,"18":0,"19":0,"20":0,"21":2},"f":{"0":0},"b":{"0":[0,0],"1":[0,0],"2":[0,0],"3":[0,0],"4":[0,0],"5":[0,0]}}
,"/home/diego/Documentos/Projetos/xaama-zap/xaama-zap-backend/src/services/RefreshTokenService.ts": {"path":"/home/diego/Documentos/Projetos/xaama-zap/xaama-zap-backend/src/services/RefreshTokenService.ts","statementMap":{"0":{"start":{"line":1,"column":0},"end":{"line":1,"column":26}},"1":{"start":{"line":2,"column":0},"end":{"line":2,"column":57}},"2":{"start":{"line":3,"column":0},"end":{"line":3,"column":73}},"3":{"start":{"line":4,"column":0},"end":{"line":4,"column":46}},"4":{"start":{"line":5,"column":0},"end":{"line":5,"column":71}},"5":{"start":{"line":10,"column":4},"end":{"line":10,"column":75}},"6":{"start":{"line":12,"column":4},"end":{"line":14,"column":null}},"7":{"start":{"line":13,"column":6},"end":{"line":13,"column":50}},"8":{"start":{"line":16,"column":32},"end":{"line":16,"column":83}},"9":{"start":{"line":18,"column":34},"end":{"line":18,"column":61}},"10":{"start":{"line":19,"column":18},"end":{"line":24,"column":6}},"11":{"start":{"line":26,"column":4},"end":{"line":35,"column":null}},"12":{"start":{"line":27,"column":6},"end":{"line":29,"column":null}},"13":{"start":{"line":31,"column":35},"end":{"line":31,"column":61}},"14":{"start":{"line":32,"column":30},"end":{"line":32,"column":88}},"15":{"start":{"line":34,"column":6},"end":{"line":34,"column":54}},"16":{"start":{"line":38,"column":4},"end":{"line":38,"column":21}},"17":{"start":{"line":42,"column":9},"end":{"line":42,"column":28}}},"fnMap":{"0":{"name":"(anonymous_1)","decl":{"start":{"line":8,"column":2},"end":{"line":8,"column":7}},"loc":{"start":{"line":8,"column":30},"end":{"line":39,"column":3}}}},"branchMap":{"0":{"loc":{"start":{"line":12,"column":4},"end":{"line":14,"column":null}},"type":"if","locations":[{"start":{"line":12,"column":4},"end":{"line":14,"column":null}},{"start":{"line":12,"column":4},"end":{"line":14,"column":null}}]},"1":{"loc":{"start":{"line":26,"column":4},"end":{"line":35,"column":null}},"type":"if","locations":[{"start":{"line":26,"column":4},"end":{"line":35,"column":null}},{"start":{"line":26,"column":4},"end":{"line":35,"column":null}}]}},"s":{"0":2,"1":2,"2":2,"3":2,"4":2,"5":0,"6":0,"7":0,"8":0,"9":0,"10":0,"11":0,"12":0,"13":0,"14":0,"15":0,"16":0,"17":2},"f":{"0":0},"b":{"0":[0,0],"1":[0,0]}}
,"/home/diego/Documentos/Projetos/xaama-zap/xaama-zap-backend/src/services/RoomService.ts": {"path":"/home/diego/Documentos/Projetos/xaama-zap/xaama-zap-backend/src/services/RoomService.ts","statementMap":{"0":{"start":{"line":1,"column":0},"end":{"line":1,"column":41}},"1":{"start":{"line":2,"column":0},"end":{"line":2,"column":41}},"2":{"start":{"line":4,"column":0},"end":{"line":4,"column":46}},"3":{"start":{"line":5,"column":0},"end":{"line":5,"column":81}},"4":{"start":{"line":6,"column":0},"end":{"line":6,"column":57}},"5":{"start":{"line":7,"column":0},"end":{"line":7,"column":55}},"6":{"start":{"line":25,"column":4},"end":{"line":27,"column":null}},"7":{"start":{"line":26,"column":6},"end":{"line":26,"column":45}},"8":{"start":{"line":29,"column":15},"end":{"line":29,"column":19}},"9":{"start":{"line":31,"column":4},"end":{"line":45,"column":null}},"10":{"start":{"line":33,"column":6},"end":{"line":41,"column":11}},"11":{"start":{"line":43,"column":6},"end":{"line":43,"column":42}},"12":{"start":{"line":44,"column":6},"end":{"line":44,"column":26}},"13":{"start":{"line":47,"column":4},"end":{"line":50,"column":47}},"14":{"start":{"line":48,"column":6},"end":{"line":48,"column":18}},"15":{"start":{"line":50,"column":6},"end":{"line":50,"column":47}},"16":{"start":{"line":54,"column":4},"end":{"line":56,"column":null}},"17":{"start":{"line":55,"column":6},"end":{"line":55,"column":42}},"18":{"start":{"line":58,"column":4},"end":{"line":60,"column":null}},"19":{"start":{"line":59,"column":6},"end":{"line":59,"column":41}},"20":{"start":{"line":62,"column":4},"end":{"line":64,"column":null}},"21":{"start":{"line":63,"column":6},"end":{"line":63,"column":42}},"22":{"start":{"line":66,"column":4},"end":{"line":68,"column":null}},"23":{"start":{"line":67,"column":6},"end":{"line":67,"column":49}},"24":{"start":{"line":70,"column":32},"end":{"line":70,"column":36}},"25":{"start":{"line":71,"column":4},"end":{"line":77,"column":null}},"26":{"start":{"line":72,"column":6},"end":{"line":74,"column":9}},"27":{"start":{"line":76,"column":6},"end":{"line":76,"column":30}},"28":{"start":{"line":79,"column":4},"end":{"line":81,"column":null}},"29":{"start":{"line":80,"column":6},"end":{"line":80,"column":49}},"30":{"start":{"line":83,"column":17},"end":{"line":90,"column":6}},"31":{"start":{"line":92,"column":4},"end":{"line":99,"column":null}},"32":{"start":{"line":93,"column":28},"end":{"line":93,"column":47}},"33":{"start":{"line":94,"column":6},"end":{"line":94,"column":null}},"34":{"start":{"line":96,"column":6},"end":{"line":96,"column":18}},"35":{"start":{"line":98,"column":6},"end":{"line":98,"column":49}},"36":{"start":{"line":103,"column":4},"end":{"line":105,"column":null}},"37":{"start":{"line":104,"column":6},"end":{"line":104,"column":45}},"38":{"start":{"line":107,"column":4},"end":{"line":109,"column":null}},"39":{"start":{"line":108,"column":6},"end":{"line":108,"column":45}},"40":{"start":{"line":111,"column":17},"end":{"line":111,"column":45}},"41":{"start":{"line":113,"column":4},"end":{"line":115,"column":null}},"42":{"start":{"line":114,"column":6},"end":{"line":114,"column":47}},"43":{"start":{"line":117,"column":4},"end":{"line":119,"column":null}},"44":{"start":{"line":118,"column":6},"end":{"line":118,"column":42}},"45":{"start":{"line":121,"column":4},"end":{"line":123,"column":null}},"46":{"start":{"line":122,"column":6},"end":{"line":122,"column":49}},"47":{"start":{"line":125,"column":4},"end":{"line":165,"column":null}},"48":{"start":{"line":127,"column":6},"end":{"line":129,"column":null}},"49":{"start":{"line":128,"column":8},"end":{"line":128,"column":75}},"50":{"start":{"line":131,"column":6},"end":{"line":144,"column":null}},"51":{"start":{"line":132,"column":21},"end":{"line":132,"column":26}},"52":{"start":{"line":135,"column":8},"end":{"line":139,"column":11}},"53":{"start":{"line":136,"column":10},"end":{"line":138,"column":null}},"54":{"start":{"line":137,"column":12},"end":{"line":137,"column":26}},"55":{"start":{"line":141,"column":8},"end":{"line":143,"column":null}},"56":{"start":{"line":142,"column":10},"end":{"line":142,"column":70}},"57":{"start":{"line":146,"column":27},"end":{"line":146,"column":60}},"58":{"start":{"line":148,"column":6},"end":{"line":150,"column":null}},"59":{"start":{"line":149,"column":8},"end":{"line":149,"column":58}},"60":{"start":{"line":152,"column":20},"end":{"line":152,"column":25}},"61":{"start":{"line":154,"column":6},"end":{"line":158,"column":9}},"62":{"start":{"line":155,"column":8},"end":{"line":157,"column":null}},"63":{"start":{"line":156,"column":10},"end":{"line":156,"column":25}},"64":{"start":{"line":160,"column":6},"end":{"line":164,"column":null}},"65":{"start":{"line":161,"column":8},"end":{"line":161,"column":48}},"66":{"start":{"line":162,"column":13},"end":{"line":164,"column":null}},"67":{"start":{"line":163,"column":8},"end":{"line":163,"column":80}},"68":{"start":{"line":167,"column":4},"end":{"line":167,"column":28}},"69":{"start":{"line":168,"column":4},"end":{"line":168,"column":42}},"70":{"start":{"line":169,"column":4},"end":{"line":169,"column":41}},"71":{"start":{"line":171,"column":24},"end":{"line":171,"column":41}},"72":{"start":{"line":173,"column":4},"end":{"line":177,"column":null}},"73":{"start":{"line":174,"column":6},"end":{"line":174,"column":25}},"74":{"start":{"line":176,"column":6},"end":{"line":176,"column":45}},"75":{"start":{"line":181,"column":4},"end":{"line":183,"column":null}},"76":{"start":{"line":182,"column":6},"end":{"line":182,"column":45}},"77":{"start":{"line":185,"column":4},"end":{"line":187,"column":null}},"78":{"start":{"line":186,"column":6},"end":{"line":186,"column":45}},"79":{"start":{"line":189,"column":17},"end":{"line":189,"column":45}},"80":{"start":{"line":191,"column":4},"end":{"line":193,"column":null}},"81":{"start":{"line":192,"column":6},"end":{"line":192,"column":47}},"82":{"start":{"line":195,"column":4},"end":{"line":197,"column":null}},"83":{"start":{"line":196,"column":6},"end":{"line":196,"column":61}},"84":{"start":{"line":199,"column":4},"end":{"line":201,"column":null}},"85":{"start":{"line":200,"column":6},"end":{"line":200,"column":71}},"86":{"start":{"line":203,"column":20},"end":{"line":203,"column":61}},"87":{"start":{"line":205,"column":4},"end":{"line":207,"column":null}},"88":{"start":{"line":206,"column":6},"end":{"line":206,"column":66}},"89":{"start":{"line":209,"column":17},"end":{"line":209,"column":22}},"90":{"start":{"line":212,"column":4},"end":{"line":216,"column":7}},"91":{"start":{"line":213,"column":6},"end":{"line":215,"column":null}},"92":{"start":{"line":214,"column":8},"end":{"line":214,"column":22}},"93":{"start":{"line":218,"column":4},"end":{"line":258,"column":null}},"94":{"start":{"line":220,"column":6},"end":{"line":226,"column":null}},"95":{"start":{"line":221,"column":8},"end":{"line":225,"column":null}},"96":{"start":{"line":222,"column":10},"end":{"line":222,"column":45}},"97":{"start":{"line":224,"column":10},"end":{"line":224,"column":45}},"98":{"start":{"line":228,"column":28},"end":{"line":228,"column":47}},"99":{"start":{"line":229,"column":6},"end":{"line":229,"column":75}},"100":{"start":{"line":231,"column":6},"end":{"line":231,"column":36}},"101":{"start":{"line":232,"column":6},"end":{"line":232,"column":35}},"102":{"start":{"line":234,"column":11},"end":{"line":258,"column":null}},"103":{"start":{"line":236,"column":20},"end":{"line":236,"column":25}},"104":{"start":{"line":238,"column":6},"end":{"line":242,"column":9}},"105":{"start":{"line":239,"column":8},"end":{"line":241,"column":null}},"106":{"start":{"line":240,"column":10},"end":{"line":240,"column":25}},"107":{"start":{"line":244,"column":6},"end":{"line":246,"column":null}},"108":{"start":{"line":245,"column":8},"end":{"line":245,"column":75}},"109":{"start":{"line":248,"column":27},"end":{"line":248,"column":45}},"110":{"start":{"line":249,"column":6},"end":{"line":249,"column":74}},"111":{"start":{"line":251,"column":6},"end":{"line":251,"column":63}},"112":{"start":{"line":252,"column":6},"end":{"line":252,"column":35}},"113":{"start":{"line":254,"column":11},"end":{"line":258,"column":null}},"114":{"start":{"line":255,"column":6},"end":{"line":255,"column":66}},"115":{"start":{"line":257,"column":6},"end":{"line":257,"column":66}},"116":{"start":{"line":260,"column":4},"end":{"line":260,"column":41}},"117":{"start":{"line":262,"column":24},"end":{"line":262,"column":41}},"118":{"start":{"line":264,"column":4},"end":{"line":268,"column":null}},"119":{"start":{"line":265,"column":6},"end":{"line":265,"column":25}},"120":{"start":{"line":267,"column":6},"end":{"line":267,"column":45}},"121":{"start":{"line":272,"column":4},"end":{"line":274,"column":null}},"122":{"start":{"line":273,"column":6},"end":{"line":273,"column":45}},"123":{"start":{"line":276,"column":4},"end":{"line":278,"column":null}},"124":{"start":{"line":277,"column":6},"end":{"line":277,"column":45}},"125":{"start":{"line":280,"column":17},"end":{"line":280,"column":45}},"126":{"start":{"line":282,"column":4},"end":{"line":284,"column":null}},"127":{"start":{"line":283,"column":6},"end":{"line":283,"column":47}},"128":{"start":{"line":286,"column":26},"end":{"line":286,"column":54}},"129":{"start":{"line":288,"column":4},"end":{"line":290,"column":null}},"130":{"start":{"line":289,"column":6},"end":{"line":289,"column":66}},"131":{"start":{"line":292,"column":17},"end":{"line":292,"column":22}},"132":{"start":{"line":295,"column":4},"end":{"line":299,"column":7}},"133":{"start":{"line":296,"column":6},"end":{"line":298,"column":null}},"134":{"start":{"line":297,"column":8},"end":{"line":297,"column":22}},"135":{"start":{"line":301,"column":4},"end":{"line":347,"column":null}},"136":{"start":{"line":303,"column":6},"end":{"line":309,"column":null}},"137":{"start":{"line":304,"column":8},"end":{"line":308,"column":null}},"138":{"start":{"line":305,"column":10},"end":{"line":305,"column":51}},"139":{"start":{"line":307,"column":10},"end":{"line":307,"column":45}},"140":{"start":{"line":311,"column":6},"end":{"line":311,"column":42}},"141":{"start":{"line":312,"column":6},"end":{"line":312,"column":35}},"142":{"start":{"line":314,"column":28},"end":{"line":314,"column":47}},"143":{"start":{"line":315,"column":6},"end":{"line":315,"column":null}},"144":{"start":{"line":317,"column":11},"end":{"line":347,"column":null}},"145":{"start":{"line":319,"column":6},"end":{"line":319,"column":69}},"146":{"start":{"line":321,"column":20},"end":{"line":321,"column":25}},"147":{"start":{"line":324,"column":6},"end":{"line":328,"column":9}},"148":{"start":{"line":325,"column":8},"end":{"line":327,"column":null}},"149":{"start":{"line":326,"column":10},"end":{"line":326,"column":25}},"150":{"start":{"line":330,"column":6},"end":{"line":336,"column":null}},"151":{"start":{"line":331,"column":8},"end":{"line":331,"column":81}},"152":{"start":{"line":333,"column":8},"end":{"line":335,"column":null}},"153":{"start":{"line":334,"column":10},"end":{"line":334,"column":53}},"154":{"start":{"line":338,"column":6},"end":{"line":338,"column":35}},"155":{"start":{"line":340,"column":27},"end":{"line":340,"column":45}},"156":{"start":{"line":341,"column":6},"end":{"line":341,"column":null}},"157":{"start":{"line":343,"column":11},"end":{"line":347,"column":null}},"158":{"start":{"line":344,"column":6},"end":{"line":344,"column":66}},"159":{"start":{"line":346,"column":6},"end":{"line":346,"column":66}},"160":{"start":{"line":349,"column":4},"end":{"line":349,"column":41}},"161":{"start":{"line":351,"column":24},"end":{"line":351,"column":41}},"162":{"start":{"line":353,"column":4},"end":{"line":371,"column":null}},"163":{"start":{"line":354,"column":6},"end":{"line":366,"column":null}},"164":{"start":{"line":355,"column":27},"end":{"line":355,"column":46}},"165":{"start":{"line":357,"column":8},"end":{"line":364,"column":null}},"166":{"start":{"line":358,"column":44},"end":{"line":358,"column":75}},"167":{"start":{"line":359,"column":10},"end":{"line":363,"column":null}},"168":{"start":{"line":360,"column":12},"end":{"line":360,"column":null}},"169":{"start":{"line":362,"column":12},"end":{"line":362,"column":null}},"170":{"start":{"line":365,"column":8},"end":{"line":365,"column":null}},"171":{"start":{"line":368,"column":6},"end":{"line":368,"column":25}},"172":{"start":{"line":370,"column":6},"end":{"line":370,"column":45}},"173":{"start":{"line":375,"column":4},"end":{"line":377,"column":null}},"174":{"start":{"line":376,"column":6},"end":{"line":376,"column":45}},"175":{"start":{"line":379,"column":4},"end":{"line":381,"column":null}},"176":{"start":{"line":380,"column":6},"end":{"line":380,"column":45}},"177":{"start":{"line":383,"column":17},"end":{"line":383,"column":45}},"178":{"start":{"line":385,"column":4},"end":{"line":387,"column":null}},"179":{"start":{"line":386,"column":6},"end":{"line":386,"column":47}},"180":{"start":{"line":389,"column":4},"end":{"line":391,"column":null}},"181":{"start":{"line":390,"column":6},"end":{"line":390,"column":50}},"182":{"start":{"line":393,"column":23},"end":{"line":393,"column":42}},"183":{"start":{"line":395,"column":4},"end":{"line":409,"column":null}},"184":{"start":{"line":396,"column":27},"end":{"line":396,"column":45}},"185":{"start":{"line":398,"column":6},"end":{"line":400,"column":8}},"186":{"start":{"line":399,"column":8},"end":{"line":399,"column":69}},"187":{"start":{"line":402,"column":40},"end":{"line":402,"column":71}},"188":{"start":{"line":404,"column":6},"end":{"line":408,"column":null}},"189":{"start":{"line":405,"column":8},"end":{"line":405,"column":null}},"190":{"start":{"line":407,"column":8},"end":{"line":407,"column":null}},"191":{"start":{"line":411,"column":4},"end":{"line":411,"column":null}},"192":{"start":{"line":416,"column":9},"end":{"line":416,"column":20}}},"fnMap":{"0":{"name":"(anonymous_0)","decl":{"start":{"line":24,"column":2},"end":{"line":24,"column":7}},"loc":{"start":{"line":24,"column":50},"end":{"line":51,"column":3}}},"1":{"name":"(anonymous_1)","decl":{"start":{"line":53,"column":2},"end":{"line":53,"column":7}},"loc":{"start":{"line":53,"column":64},"end":{"line":100,"column":3}}},"2":{"name":"(anonymous_2)","decl":{"start":{"line":102,"column":2},"end":{"line":102,"column":7}},"loc":{"start":{"line":102,"column":106},"end":{"line":178,"column":3}}},"3":{"name":"(anonymous_3)","decl":{"start":{"line":135,"column":29},"end":{"line":135,"column":32}},"loc":{"start":{"line":135,"column":35},"end":{"line":139,"column":9}}},"4":{"name":"(anonymous_4)","decl":{"start":{"line":154,"column":32},"end":{"line":154,"column":35}},"loc":{"start":{"line":154,"column":38},"end":{"line":158,"column":7}}},"5":{"name":"(anonymous_5)","decl":{"start":{"line":180,"column":2},"end":{"line":180,"column":7}},"loc":{"start":{"line":180,"column":95},"end":{"line":269,"column":3}}},"6":{"name":"(anonymous_6)","decl":{"start":{"line":212,"column":25},"end":{"line":212,"column":28}},"loc":{"start":{"line":212,"column":31},"end":{"line":216,"column":5}}},"7":{"name":"(anonymous_7)","decl":{"start":{"line":238,"column":32},"end":{"line":238,"column":35}},"loc":{"start":{"line":238,"column":38},"end":{"line":242,"column":7}}},"8":{"name":"(anonymous_8)","decl":{"start":{"line":271,"column":2},"end":{"line":271,"column":7}},"loc":{"start":{"line":271,"column":62},"end":{"line":372,"column":3}}},"9":{"name":"(anonymous_9)","decl":{"start":{"line":295,"column":25},"end":{"line":295,"column":28}},"loc":{"start":{"line":295,"column":31},"end":{"line":299,"column":5}}},"10":{"name":"(anonymous_10)","decl":{"start":{"line":324,"column":32},"end":{"line":324,"column":35}},"loc":{"start":{"line":324,"column":38},"end":{"line":328,"column":7}}},"11":{"name":"(anonymous_11)","decl":{"start":{"line":374,"column":2},"end":{"line":374,"column":7}},"loc":{"start":{"line":374,"column":47},"end":{"line":412,"column":3}}},"12":{"name":"(anonymous_12)","decl":{"start":{"line":398,"column":30},"end":{"line":398,"column":35}},"loc":{"start":{"line":398,"column":44},"end":{"line":400,"column":7}}}},"branchMap":{"0":{"loc":{"start":{"line":25,"column":4},"end":{"line":27,"column":null}},"type":"if","locations":[{"start":{"line":25,"column":4},"end":{"line":27,"column":null}},{"start":{"line":25,"column":4},"end":{"line":27,"column":null}}]},"1":{"loc":{"start":{"line":31,"column":4},"end":{"line":45,"column":null}},"type":"if","locations":[{"start":{"line":31,"column":4},"end":{"line":45,"column":null}},{"start":{"line":31,"column":4},"end":{"line":45,"column":null}}]},"2":{"loc":{"start":{"line":47,"column":4},"end":{"line":50,"column":47}},"type":"if","locations":[{"start":{"line":47,"column":4},"end":{"line":50,"column":47}},{"start":{"line":47,"column":4},"end":{"line":50,"column":47}}]},"3":{"loc":{"start":{"line":54,"column":4},"end":{"line":56,"column":null}},"type":"if","locations":[{"start":{"line":54,"column":4},"end":{"line":56,"column":null}},{"start":{"line":54,"column":4},"end":{"line":56,"column":null}}]},"4":{"loc":{"start":{"line":58,"column":4},"end":{"line":60,"column":null}},"type":"if","locations":[{"start":{"line":58,"column":4},"end":{"line":60,"column":null}},{"start":{"line":58,"column":4},"end":{"line":60,"column":null}}]},"5":{"loc":{"start":{"line":58,"column":8},"end":{"line":58,"column":26}},"type":"binary-expr","locations":[{"start":{"line":58,"column":8},"end":{"line":58,"column":26}},{"start":{"line":58,"column":30},"end":{"line":58,"column":46}}]},"6":{"loc":{"start":{"line":62,"column":4},"end":{"line":64,"column":null}},"type":"if","locations":[{"start":{"line":62,"column":4},"end":{"line":64,"column":null}},{"start":{"line":62,"column":4},"end":{"line":64,"column":null}}]},"7":{"loc":{"start":{"line":66,"column":4},"end":{"line":68,"column":null}},"type":"if","locations":[{"start":{"line":66,"column":4},"end":{"line":68,"column":null}},{"start":{"line":66,"column":4},"end":{"line":68,"column":null}}]},"8":{"loc":{"start":{"line":79,"column":4},"end":{"line":81,"column":null}},"type":"if","locations":[{"start":{"line":79,"column":4},"end":{"line":81,"column":null}},{"start":{"line":79,"column":4},"end":{"line":81,"column":null}}]},"9":{"loc":{"start":{"line":92,"column":4},"end":{"line":99,"column":null}},"type":"if","locations":[{"start":{"line":92,"column":4},"end":{"line":99,"column":null}},{"start":{"line":92,"column":4},"end":{"line":99,"column":null}}]},"10":{"loc":{"start":{"line":103,"column":4},"end":{"line":105,"column":null}},"type":"if","locations":[{"start":{"line":103,"column":4},"end":{"line":105,"column":null}},{"start":{"line":103,"column":4},"end":{"line":105,"column":null}}]},"11":{"loc":{"start":{"line":107,"column":4},"end":{"line":109,"column":null}},"type":"if","locations":[{"start":{"line":107,"column":4},"end":{"line":109,"column":null}},{"start":{"line":107,"column":4},"end":{"line":109,"column":null}}]},"12":{"loc":{"start":{"line":113,"column":4},"end":{"line":115,"column":null}},"type":"if","locations":[{"start":{"line":113,"column":4},"end":{"line":115,"column":null}},{"start":{"line":113,"column":4},"end":{"line":115,"column":null}}]},"13":{"loc":{"start":{"line":117,"column":4},"end":{"line":119,"column":null}},"type":"if","locations":[{"start":{"line":117,"column":4},"end":{"line":119,"column":null}},{"start":{"line":117,"column":4},"end":{"line":119,"column":null}}]},"14":{"loc":{"start":{"line":121,"column":4},"end":{"line":123,"column":null}},"type":"if","locations":[{"start":{"line":121,"column":4},"end":{"line":123,"column":null}},{"start":{"line":121,"column":4},"end":{"line":123,"column":null}}]},"15":{"loc":{"start":{"line":125,"column":4},"end":{"line":165,"column":null}},"type":"if","locations":[{"start":{"line":125,"column":4},"end":{"line":165,"column":null}},{"start":{"line":125,"column":4},"end":{"line":165,"column":null}}]},"16":{"loc":{"start":{"line":127,"column":6},"end":{"line":129,"column":null}},"type":"if","locations":[{"start":{"line":127,"column":6},"end":{"line":129,"column":null}},{"start":{"line":127,"column":6},"end":{"line":129,"column":null}}]},"17":{"loc":{"start":{"line":131,"column":6},"end":{"line":144,"column":null}},"type":"if","locations":[{"start":{"line":131,"column":6},"end":{"line":144,"column":null}},{"start":{"line":131,"column":6},"end":{"line":144,"column":null}}]},"18":{"loc":{"start":{"line":136,"column":10},"end":{"line":138,"column":null}},"type":"if","locations":[{"start":{"line":136,"column":10},"end":{"line":138,"column":null}},{"start":{"line":136,"column":10},"end":{"line":138,"column":null}}]},"19":{"loc":{"start":{"line":141,"column":8},"end":{"line":143,"column":null}},"type":"if","locations":[{"start":{"line":141,"column":8},"end":{"line":143,"column":null}},{"start":{"line":141,"column":8},"end":{"line":143,"column":null}}]},"20":{"loc":{"start":{"line":148,"column":6},"end":{"line":150,"column":null}},"type":"if","locations":[{"start":{"line":148,"column":6},"end":{"line":150,"column":null}},{"start":{"line":148,"column":6},"end":{"line":150,"column":null}}]},"21":{"loc":{"start":{"line":155,"column":8},"end":{"line":157,"column":null}},"type":"if","locations":[{"start":{"line":155,"column":8},"end":{"line":157,"column":null}},{"start":{"line":155,"column":8},"end":{"line":157,"column":null}}]},"22":{"loc":{"start":{"line":160,"column":6},"end":{"line":164,"column":null}},"type":"if","locations":[{"start":{"line":160,"column":6},"end":{"line":164,"column":null}},{"start":{"line":160,"column":6},"end":{"line":164,"column":null}}]},"23":{"loc":{"start":{"line":160,"column":10},"end":{"line":160,"column":28}},"type":"binary-expr","locations":[{"start":{"line":160,"column":10},"end":{"line":160,"column":28}},{"start":{"line":160,"column":32},"end":{"line":160,"column":40}}]},"24":{"loc":{"start":{"line":162,"column":13},"end":{"line":164,"column":null}},"type":"if","locations":[{"start":{"line":162,"column":13},"end":{"line":164,"column":null}},{"start":{"line":162,"column":13},"end":{"line":164,"column":null}}]},"25":{"loc":{"start":{"line":162,"column":17},"end":{"line":162,"column":36}},"type":"binary-expr","locations":[{"start":{"line":162,"column":17},"end":{"line":162,"column":36}},{"start":{"line":162,"column":40},"end":{"line":162,"column":47}}]},"26":{"loc":{"start":{"line":173,"column":4},"end":{"line":177,"column":null}},"type":"if","locations":[{"start":{"line":173,"column":4},"end":{"line":177,"column":null}},{"start":{"line":173,"column":4},"end":{"line":177,"column":null}}]},"27":{"loc":{"start":{"line":181,"column":4},"end":{"line":183,"column":null}},"type":"if","locations":[{"start":{"line":181,"column":4},"end":{"line":183,"column":null}},{"start":{"line":181,"column":4},"end":{"line":183,"column":null}}]},"28":{"loc":{"start":{"line":185,"column":4},"end":{"line":187,"column":null}},"type":"if","locations":[{"start":{"line":185,"column":4},"end":{"line":187,"column":null}},{"start":{"line":185,"column":4},"end":{"line":187,"column":null}}]},"29":{"loc":{"start":{"line":191,"column":4},"end":{"line":193,"column":null}},"type":"if","locations":[{"start":{"line":191,"column":4},"end":{"line":193,"column":null}},{"start":{"line":191,"column":4},"end":{"line":193,"column":null}}]},"30":{"loc":{"start":{"line":195,"column":4},"end":{"line":197,"column":null}},"type":"if","locations":[{"start":{"line":195,"column":4},"end":{"line":197,"column":null}},{"start":{"line":195,"column":4},"end":{"line":197,"column":null}}]},"31":{"loc":{"start":{"line":199,"column":4},"end":{"line":201,"column":null}},"type":"if","locations":[{"start":{"line":199,"column":4},"end":{"line":201,"column":null}},{"start":{"line":199,"column":4},"end":{"line":201,"column":null}}]},"32":{"loc":{"start":{"line":205,"column":4},"end":{"line":207,"column":null}},"type":"if","locations":[{"start":{"line":205,"column":4},"end":{"line":207,"column":null}},{"start":{"line":205,"column":4},"end":{"line":207,"column":null}}]},"33":{"loc":{"start":{"line":213,"column":6},"end":{"line":215,"column":null}},"type":"if","locations":[{"start":{"line":213,"column":6},"end":{"line":215,"column":null}},{"start":{"line":213,"column":6},"end":{"line":215,"column":null}}]},"34":{"loc":{"start":{"line":218,"column":4},"end":{"line":258,"column":null}},"type":"if","locations":[{"start":{"line":218,"column":4},"end":{"line":258,"column":null}},{"start":{"line":218,"column":4},"end":{"line":258,"column":null}}]},"35":{"loc":{"start":{"line":218,"column":8},"end":{"line":218,"column":21}},"type":"binary-expr","locations":[{"start":{"line":218,"column":8},"end":{"line":218,"column":21}},{"start":{"line":218,"column":25},"end":{"line":218,"column":32}}]},"36":{"loc":{"start":{"line":220,"column":6},"end":{"line":226,"column":null}},"type":"if","locations":[{"start":{"line":220,"column":6},"end":{"line":226,"column":null}},{"start":{"line":220,"column":6},"end":{"line":226,"column":null}}]},"37":{"loc":{"start":{"line":221,"column":8},"end":{"line":225,"column":null}},"type":"if","locations":[{"start":{"line":221,"column":8},"end":{"line":225,"column":null}},{"start":{"line":221,"column":8},"end":{"line":225,"column":null}}]},"38":{"loc":{"start":{"line":234,"column":11},"end":{"line":258,"column":null}},"type":"if","locations":[{"start":{"line":234,"column":11},"end":{"line":258,"column":null}},{"start":{"line":234,"column":11},"end":{"line":258,"column":null}}]},"39":{"loc":{"start":{"line":234,"column":15},"end":{"line":234,"column":29}},"type":"binary-expr","locations":[{"start":{"line":234,"column":15},"end":{"line":234,"column":29}},{"start":{"line":234,"column":33},"end":{"line":234,"column":39}}]},"40":{"loc":{"start":{"line":239,"column":8},"end":{"line":241,"column":null}},"type":"if","locations":[{"start":{"line":239,"column":8},"end":{"line":241,"column":null}},{"start":{"line":239,"column":8},"end":{"line":241,"column":null}}]},"41":{"loc":{"start":{"line":244,"column":6},"end":{"line":246,"column":null}},"type":"if","locations":[{"start":{"line":244,"column":6},"end":{"line":246,"column":null}},{"start":{"line":244,"column":6},"end":{"line":246,"column":null}}]},"42":{"loc":{"start":{"line":254,"column":11},"end":{"line":258,"column":null}},"type":"if","locations":[{"start":{"line":254,"column":11},"end":{"line":258,"column":null}},{"start":{"line":254,"column":11},"end":{"line":258,"column":null}}]},"43":{"loc":{"start":{"line":254,"column":15},"end":{"line":254,"column":28}},"type":"binary-expr","locations":[{"start":{"line":254,"column":15},"end":{"line":254,"column":28}},{"start":{"line":254,"column":32},"end":{"line":254,"column":38}}]},"44":{"loc":{"start":{"line":264,"column":4},"end":{"line":268,"column":null}},"type":"if","locations":[{"start":{"line":264,"column":4},"end":{"line":268,"column":null}},{"start":{"line":264,"column":4},"end":{"line":268,"column":null}}]},"45":{"loc":{"start":{"line":272,"column":4},"end":{"line":274,"column":null}},"type":"if","locations":[{"start":{"line":272,"column":4},"end":{"line":274,"column":null}},{"start":{"line":272,"column":4},"end":{"line":274,"column":null}}]},"46":{"loc":{"start":{"line":276,"column":4},"end":{"line":278,"column":null}},"type":"if","locations":[{"start":{"line":276,"column":4},"end":{"line":278,"column":null}},{"start":{"line":276,"column":4},"end":{"line":278,"column":null}}]},"47":{"loc":{"start":{"line":282,"column":4},"end":{"line":284,"column":null}},"type":"if","locations":[{"start":{"line":282,"column":4},"end":{"line":284,"column":null}},{"start":{"line":282,"column":4},"end":{"line":284,"column":null}}]},"48":{"loc":{"start":{"line":288,"column":4},"end":{"line":290,"column":null}},"type":"if","locations":[{"start":{"line":288,"column":4},"end":{"line":290,"column":null}},{"start":{"line":288,"column":4},"end":{"line":290,"column":null}}]},"49":{"loc":{"start":{"line":296,"column":6},"end":{"line":298,"column":null}},"type":"if","locations":[{"start":{"line":296,"column":6},"end":{"line":298,"column":null}},{"start":{"line":296,"column":6},"end":{"line":298,"column":null}}]},"50":{"loc":{"start":{"line":301,"column":4},"end":{"line":347,"column":null}},"type":"if","locations":[{"start":{"line":301,"column":4},"end":{"line":347,"column":null}},{"start":{"line":301,"column":4},"end":{"line":347,"column":null}}]},"51":{"loc":{"start":{"line":301,"column":8},"end":{"line":301,"column":15}},"type":"binary-expr","locations":[{"start":{"line":301,"column":8},"end":{"line":301,"column":15}},{"start":{"line":301,"column":19},"end":{"line":301,"column":32}}]},"52":{"loc":{"start":{"line":303,"column":6},"end":{"line":309,"column":null}},"type":"if","locations":[{"start":{"line":303,"column":6},"end":{"line":309,"column":null}},{"start":{"line":303,"column":6},"end":{"line":309,"column":null}}]},"53":{"loc":{"start":{"line":304,"column":8},"end":{"line":308,"column":null}},"type":"if","locations":[{"start":{"line":304,"column":8},"end":{"line":308,"column":null}},{"start":{"line":304,"column":8},"end":{"line":308,"column":null}}]},"54":{"loc":{"start":{"line":317,"column":11},"end":{"line":347,"column":null}},"type":"if","locations":[{"start":{"line":317,"column":11},"end":{"line":347,"column":null}},{"start":{"line":317,"column":11},"end":{"line":347,"column":null}}]},"55":{"loc":{"start":{"line":317,"column":15},"end":{"line":317,"column":21}},"type":"binary-expr","locations":[{"start":{"line":317,"column":15},"end":{"line":317,"column":21}},{"start":{"line":317,"column":25},"end":{"line":317,"column":39}}]},"56":{"loc":{"start":{"line":325,"column":8},"end":{"line":327,"column":null}},"type":"if","locations":[{"start":{"line":325,"column":8},"end":{"line":327,"column":null}},{"start":{"line":325,"column":8},"end":{"line":327,"column":null}}]},"57":{"loc":{"start":{"line":330,"column":6},"end":{"line":336,"column":null}},"type":"if","locations":[{"start":{"line":330,"column":6},"end":{"line":336,"column":null}},{"start":{"line":330,"column":6},"end":{"line":336,"column":null}}]},"58":{"loc":{"start":{"line":333,"column":8},"end":{"line":335,"column":null}},"type":"if","locations":[{"start":{"line":333,"column":8},"end":{"line":335,"column":null}},{"start":{"line":333,"column":8},"end":{"line":335,"column":null}}]},"59":{"loc":{"start":{"line":333,"column":12},"end":{"line":333,"column":47}},"type":"binary-expr","locations":[{"start":{"line":333,"column":12},"end":{"line":333,"column":47}},{"start":{"line":333,"column":51},"end":{"line":333,"column":76}}]},"60":{"loc":{"start":{"line":333,"column":16},"end":{"line":333,"column":18}},"type":"cond-expr","locations":[{"start":{"line":333,"column":16},"end":{"line":333,"column":18}},{"start":{"line":333,"column":12},"end":{"line":333,"column":38}}]},"61":{"loc":{"start":{"line":333,"column":12},"end":{"line":333,"column":18}},"type":"binary-expr","locations":[{"start":{"line":333,"column":12},"end":{"line":333,"column":18}},{"start":{"line":333,"column":12},"end":{"line":333,"column":18}}]},"62":{"loc":{"start":{"line":333,"column":64},"end":{"line":333,"column":66}},"type":"cond-expr","locations":[{"start":{"line":333,"column":64},"end":{"line":333,"column":66}},{"start":{"line":333,"column":64},"end":{"line":333,"column":72}}]},"63":{"loc":{"start":{"line":333,"column":51},"end":{"line":333,"column":66}},"type":"binary-expr","locations":[{"start":{"line":333,"column":51},"end":{"line":333,"column":66}},{"start":{"line":333,"column":64},"end":{"line":333,"column":66}}]},"64":{"loc":{"start":{"line":333,"column":55},"end":{"line":333,"column":57}},"type":"cond-expr","locations":[{"start":{"line":333,"column":55},"end":{"line":333,"column":57}},{"start":{"line":33
[...]
ine":31,"column":26},"end":{"line":31,"column":64}},"14":{"start":{"line":33,"column":4},"end":{"line":35,"column":null}},"15":{"start":{"line":34,"column":6},"end":{"line":34,"column":57}},"16":{"start":{"line":37,"column":4},"end":{"line":37,"column":25}},"17":{"start":{"line":38,"column":4},"end":{"line":38,"column":41}},"18":{"start":{"line":39,"column":4},"end":{"line":39,"column":22}},"19":{"start":{"line":41,"column":34},"end":{"line":41,"column":61}},"20":{"start":{"line":42,"column":18},"end":{"line":42,"column":115}},"21":{"start":{"line":44,"column":4},"end":{"line":46,"column":null}},"22":{"start":{"line":48,"column":33},"end":{"line":48,"column":59}},"23":{"start":{"line":49,"column":25},"end":{"line":49,"column":68}},"24":{"start":{"line":51,"column":4},"end":{"line":51,"column":35}},"25":{"start":{"line":55,"column":4},"end":{"line":57,"column":null}},"26":{"start":{"line":56,"column":6},"end":{"line":56,"column":57}},"27":{"start":{"line":59,"column":17},"end":{"line":61,"column":6}},"28":{"start":{"line":63,"column":4},"end":{"line":65,"column":null}},"29":{"start":{"line":64,"column":6},"end":{"line":64,"column":57}},"30":{"start":{"line":67,"column":4},"end":{"line":67,"column":26}},"31":{"start":{"line":68,"column":4},"end":{"line":68,"column":41}},"32":{"start":{"line":69,"column":4},"end":{"line":69,"column":22}},"33":{"start":{"line":71,"column":4},"end":{"line":73,"column":null}},"34":{"start":{"line":75,"column":4},"end":{"line":75,"column":55}},"35":{"start":{"line":79,"column":9},"end":{"line":79,"column":23}}},"fnMap":{"0":{"name":"(anonymous_0)","decl":{"start":{"line":14,"column":2},"end":{"line":14,"column":7}},"loc":{"start":{"line":14,"column":51},"end":{"line":52,"column":3}}},"1":{"name":"(anonymous_1)","decl":{"start":{"line":54,"column":2},"end":{"line":54,"column":7}},"loc":{"start":{"line":54,"column":41},"end":{"line":76,"column":3}}}},"branchMap":{"0":{"loc":{"start":{"line":15,"column":4},"end":{"line":17,"column":null}},"type":"if","locations":[{"start":{"line":15,"column":4},"end":{"line":17,"column":null}},{"start":{"line":15,"column":4},"end":{"line":17,"column":null}}]},"1":{"loc":{"start":{"line":19,"column":4},"end":{"line":21,"column":null}},"type":"if","locations":[{"start":{"line":19,"column":4},"end":{"line":21,"column":null}},{"start":{"line":19,"column":4},"end":{"line":21,"column":null}}]},"2":{"loc":{"start":{"line":27,"column":4},"end":{"line":29,"column":null}},"type":"if","locations":[{"start":{"line":27,"column":4},"end":{"line":29,"column":null}},{"start":{"line":27,"column":4},"end":{"line":29,"column":null}}]},"3":{"loc":{"start":{"line":33,"column":4},"end":{"line":35,"column":null}},"type":"if","locations":[{"start":{"line":33,"column":4},"end":{"line":35,"column":null}},{"start":{"line":33,"column":4},"end":{"line":35,"column":null}}]},"4":{"loc":{"start":{"line":55,"column":4},"end":{"line":57,"column":null}},"type":"if","locations":[{"start":{"line":55,"column":4},"end":{"line":57,"column":null}},{"start":{"line":55,"column":4},"end":{"line":57,"column":null}}]},"5":{"loc":{"start":{"line":63,"column":4},"end":{"line":65,"column":null}},"type":"if","locations":[{"start":{"line":63,"column":4},"end":{"line":65,"column":null}},{"start":{"line":63,"column":4},"end":{"line":65,"column":null}}]}},"s":{"0":2,"1":2,"2":2,"3":2,"4":2,"5":2,"6":2,"7":0,"8":2,"9":0,"10":2,"11":2,"12":0,"13":2,"14":2,"15":1,"16":1,"17":1,"18":1,"19":1,"20":1,"21":1,"22":1,"23":1,"24":1,"25":0,"26":0,"27":0,"28":0,"29":0,"30":0,"31":0,"32":0,"33":0,"34":0,"35":2},"f":{"0":2,"1":0},"b":{"0":[0,2],"1":[0,2],"2":[0,2],"3":[1,1],"4":[0,0],"5":[0,0]}}
,"/home/diego/Documentos/Projetos/xaama-zap/xaama-zap-backend/src/services/UserRoomService.ts": {"path":"/home/diego/Documentos/Projetos/xaama-zap/xaama-zap-backend/src/services/UserRoomService.ts","statementMap":{"0":{"start":{"line":1,"column":0},"end":{"line":1,"column":50}},"1":{"start":{"line":2,"column":0},"end":{"line":2,"column":46}},"2":{"start":{"line":12,"column":4},"end":{"line":14,"column":null}},"3":{"start":{"line":13,"column":6},"end":{"line":13,"column":45}},"4":{"start":{"line":16,"column":19},"end":{"line":16,"column":23}},"5":{"start":{"line":17,"column":4},"end":{"line":25,"column":null}},"6":{"start":{"line":18,"column":6},"end":{"line":22,"column":9}},"7":{"start":{"line":24,"column":6},"end":{"line":24,"column":30}},"8":{"start":{"line":27,"column":4},"end":{"line":32,"column":null}},"9":{"start":{"line":28,"column":6},"end":{"line":28,"column":22}},"10":{"start":{"line":31,"column":6},"end":{"line":31,"column":51}},"11":{"start":{"line":36,"column":4},"end":{"line":38,"column":null}},"12":{"start":{"line":37,"column":6},"end":{"line":37,"column":45}},"13":{"start":{"line":40,"column":4},"end":{"line":42,"column":null}},"14":{"start":{"line":41,"column":6},"end":{"line":41,"column":45}},"15":{"start":{"line":44,"column":19},"end":{"line":44,"column":23}},"16":{"start":{"line":45,"column":4},"end":{"line":49,"column":null}},"17":{"start":{"line":46,"column":6},"end":{"line":46,"column":null}},"18":{"start":{"line":48,"column":6},"end":{"line":48,"column":30}},"19":{"start":{"line":51,"column":4},"end":{"line":92,"column":null}},"20":{"start":{"line":52,"column":28},"end":{"line":52,"column":33}},"21":{"start":{"line":54,"column":6},"end":{"line":58,"column":9}},"22":{"start":{"line":55,"column":8},"end":{"line":57,"column":null}},"23":{"start":{"line":56,"column":10},"end":{"line":56,"column":33}},"24":{"start":{"line":60,"column":6},"end":{"line":88,"column":null}},"25":{"start":{"line":61,"column":8},"end":{"line":61,"column":52}},"26":{"start":{"line":62,"column":8},"end":{"line":62,"column":49}},"27":{"start":{"line":64,"column":31},"end":{"line":64,"column":52}},"28":{"start":{"line":66,"column":8},"end":{"line":70,"column":null}},"29":{"start":{"line":67,"column":10},"end":{"line":67,"column":32}},"30":{"start":{"line":69,"column":10},"end":{"line":69,"column":null}},"31":{"start":{"line":72,"column":13},"end":{"line":88,"column":null}},"32":{"start":{"line":73,"column":8},"end":{"line":73,"column":94}},"33":{"start":{"line":74,"column":8},"end":{"line":74,"column":49}},"34":{"start":{"line":76,"column":31},"end":{"line":76,"column":52}},"35":{"start":{"line":78,"column":8},"end":{"line":82,"column":null}},"36":{"start":{"line":79,"column":10},"end":{"line":79,"column":32}},"37":{"start":{"line":81,"column":10},"end":{"line":81,"column":null}},"38":{"start":{"line":84,"column":13},"end":{"line":88,"column":null}},"39":{"start":{"line":85,"column":8},"end":{"line":85,"column":108}},"40":{"start":{"line":87,"column":8},"end":{"line":87,"column":105}},"41":{"start":{"line":91,"column":6},"end":{"line":91,"column":51}},"42":{"start":{"line":96,"column":9},"end":{"line":96,"column":24}}},"fnMap":{"0":{"name":"(anonymous_0)","decl":{"start":{"line":11,"column":2},"end":{"line":11,"column":7}},"loc":{"start":{"line":11,"column":42},"end":{"line":33,"column":3}}},"1":{"name":"(anonymous_1)","decl":{"start":{"line":35,"column":2},"end":{"line":35,"column":7}},"loc":{"start":{"line":35,"column":66},"end":{"line":93,"column":3}}},"2":{"name":"(anonymous_2)","decl":{"start":{"line":54,"column":45},"end":{"line":54,"column":59}},"loc":{"start":{"line":54,"column":62},"end":{"line":58,"column":7}}}},"branchMap":{"0":{"loc":{"start":{"line":12,"column":4},"end":{"line":14,"column":null}},"type":"if","locations":[{"start":{"line":12,"column":4},"end":{"line":14,"column":null}},{"start":{"line":12,"column":4},"end":{"line":14,"column":null}}]},"1":{"loc":{"start":{"line":27,"column":4},"end":{"line":32,"column":null}},"type":"if","locations":[{"start":{"line":27,"column":4},"end":{"line":32,"column":null}},{"start":{"line":27,"column":4},"end":{"line":32,"column":null}}]},"2":{"loc":{"start":{"line":36,"column":4},"end":{"line":38,"column":null}},"type":"if","locations":[{"start":{"line":36,"column":4},"end":{"line":38,"column":null}},{"start":{"line":36,"column":4},"end":{"line":38,"column":null}}]},"3":{"loc":{"start":{"line":40,"column":4},"end":{"line":42,"column":null}},"type":"if","locations":[{"start":{"line":40,"column":4},"end":{"line":42,"column":null}},{"start":{"line":40,"column":4},"end":{"line":42,"column":null}}]},"4":{"loc":{"start":{"line":51,"column":4},"end":{"line":92,"column":null}},"type":"if","locations":[{"start":{"line":51,"column":4},"end":{"line":92,"column":null}},{"start":{"line":51,"column":4},"end":{"line":92,"column":null}}]},"5":{"loc":{"start":{"line":54,"column":35},"end":{"line":54,"column":37}},"type":"cond-expr","locations":[{"start":{"line":54,"column":35},"end":{"line":54,"column":37}},{"start":{"line":54,"column":35},"end":{"line":58,"column":9}}]},"6":{"loc":{"start":{"line":54,"column":6},"end":{"line":54,"column":37}},"type":"binary-expr","locations":[{"start":{"line":54,"column":6},"end":{"line":54,"column":37}},{"start":{"line":54,"column":35},"end":{"line":54,"column":37}}]},"7":{"loc":{"start":{"line":54,"column":14},"end":{"line":54,"column":16}},"type":"cond-expr","locations":[{"start":{"line":54,"column":14},"end":{"line":54,"column":16}},{"start":{"line":54,"column":6},"end":{"line":54,"column":35}}]},"8":{"loc":{"start":{"line":54,"column":6},"end":{"line":54,"column":16}},"type":"binary-expr","locations":[{"start":{"line":54,"column":6},"end":{"line":54,"column":16}},{"start":{"line":54,"column":6},"end":{"line":54,"column":16}}]},"9":{"loc":{"start":{"line":55,"column":8},"end":{"line":57,"column":null}},"type":"if","locations":[{"start":{"line":55,"column":8},"end":{"line":57,"column":null}},{"start":{"line":55,"column":8},"end":{"line":57,"column":null}}]},"10":{"loc":{"start":{"line":60,"column":6},"end":{"line":88,"column":null}},"type":"if","locations":[{"start":{"line":60,"column":6},"end":{"line":88,"column":null}},{"start":{"line":60,"column":6},"end":{"line":88,"column":null}}]},"11":{"loc":{"start":{"line":60,"column":10},"end":{"line":60,"column":23}},"type":"binary-expr","locations":[{"start":{"line":60,"column":10},"end":{"line":60,"column":23}},{"start":{"line":60,"column":27},"end":{"line":60,"column":43}}]},"12":{"loc":{"start":{"line":61,"column":37},"end":{"line":61,"column":39}},"type":"cond-expr","locations":[{"start":{"line":61,"column":37},"end":{"line":61,"column":39}},{"start":{"line":61,"column":37},"end":{"line":61,"column":52}}]},"13":{"loc":{"start":{"line":61,"column":8},"end":{"line":61,"column":39}},"type":"binary-expr","locations":[{"start":{"line":61,"column":8},"end":{"line":61,"column":39}},{"start":{"line":61,"column":37},"end":{"line":61,"column":39}}]},"14":{"loc":{"start":{"line":61,"column":16},"end":{"line":61,"column":18}},"type":"cond-expr","locations":[{"start":{"line":61,"column":16},"end":{"line":61,"column":18}},{"start":{"line":61,"column":8},"end":{"line":61,"column":37}}]},"15":{"loc":{"start":{"line":61,"column":8},"end":{"line":61,"column":18}},"type":"binary-expr","locations":[{"start":{"line":61,"column":8},"end":{"line":61,"column":18}},{"start":{"line":61,"column":8},"end":{"line":61,"column":18}}]},"16":{"loc":{"start":{"line":66,"column":8},"end":{"line":70,"column":null}},"type":"if","locations":[{"start":{"line":66,"column":8},"end":{"line":70,"column":null}},{"start":{"line":66,"column":8},"end":{"line":70,"column":null}}]},"17":{"loc":{"start":{"line":72,"column":13},"end":{"line":88,"column":null}},"type":"if","locations":[{"start":{"line":72,"column":13},"end":{"line":88,"column":null}},{"start":{"line":72,"column":13},"end":{"line":88,"column":null}}]},"18":{"loc":{"start":{"line":72,"column":17},"end":{"line":72,"column":31}},"type":"binary-expr","locations":[{"start":{"line":72,"column":17},"end":{"line":72,"column":31}},{"start":{"line":72,"column":35},"end":{"line":72,"column":50}}]},"19":{"loc":{"start":{"line":73,"column":72},"end":{"line":73,"column":74}},"type":"cond-expr","locations":[{"start":{"line":73,"column":72},"end":{"line":73,"column":74}},{"start":{"line":73,"column":72},"end":{"line":73,"column":91}}]},"20":{"loc":{"start":{"line":73,"column":43},"end":{"line":73,"column":74}},"type":"binary-expr","locations":[{"start":{"line":73,"column":43},"end":{"line":73,"column":74}},{"start":{"line":73,"column":72},"end":{"line":73,"column":74}}]},"21":{"loc":{"start":{"line":78,"column":8},"end":{"line":82,"column":null}},"type":"if","locations":[{"start":{"line":78,"column":8},"end":{"line":82,"column":null}},{"start":{"line":78,"column":8},"end":{"line":82,"column":null}}]},"22":{"loc":{"start":{"line":84,"column":13},"end":{"line":88,"column":null}},"type":"if","locations":[{"start":{"line":84,"column":13},"end":{"line":88,"column":null}},{"start":{"line":84,"column":13},"end":{"line":88,"column":null}}]},"23":{"loc":{"start":{"line":84,"column":17},"end":{"line":84,"column":30}},"type":"binary-expr","locations":[{"start":{"line":84,"column":17},"end":{"line":84,"column":30}},{"start":{"line":84,"column":34},"end":{"line":84,"column":49}}]}},"s":{"0":2,"1":2,"2":0,"3":0,"4":0,"5":0,"6":0,"7":0,"8":0,"9":0,"10":0,"11":0,"12":0,"13":0,"14":0,"15":0,"16":0,"17":0,"18":0,"19":0,"20":0,"21":0,"22":0,"23":0,"24":0,"25":0,"26":0,"27":0,"28":0,"29":0,"30":0,"31":0,"32":0,"33":0,"34":0,"35":0,"36":0,"37":0,"38":0,"39":0,"40":0,"41":0,"42":2},"f":{"0":0,"1":0,"2":0},"b":{"0":[0,0],"1":[0,0],"2":[0,0],"3":[0,0],"4":[0,0],"5":[0,0],"6":[0,0],"7":[0,0],"8":[0,0],"9":[0,0],"10":[0,0],"11":[0,0],"12":[0,0],"13":[0,0],"14":[0,0],"15":[0,0],"16":[0,0],"17":[0,0],"18":[0,0],"19":[0,0],"20":[0,0],"21":[0,0],"22":[0,0],"23":[0,0]}}
,"/home/diego/Documentos/Projetos/xaama-zap/xaama-zap-backend/src/services/UserService.ts": {"path":"/home/diego/Documentos/Projetos/xaama-zap/xaama-zap-backend/src/services/UserService.ts","statementMap":{"0":{"start":{"line":1,"column":0},"end":{"line":1,"column":41}},"1":{"start":{"line":2,"column":0},"end":{"line":2,"column":57}},"2":{"start":{"line":3,"column":0},"end":{"line":3,"column":50}},"3":{"start":{"line":4,"column":0},"end":{"line":4,"column":32}},"4":{"start":{"line":5,"column":0},"end":{"line":5,"column":73}},"5":{"start":{"line":6,"column":0},"end":{"line":6,"column":46}},"6":{"start":{"line":7,"column":0},"end":{"line":7,"column":71}},"7":{"start":{"line":17,"column":4},"end":{"line":19,"column":null}},"8":{"start":{"line":18,"column":6},"end":{"line":18,"column":45}},"9":{"start":{"line":21,"column":17},"end":{"line":21,"column":45}},"10":{"start":{"line":23,"column":4},"end":{"line":32,"column":47}},"11":{"start":{"line":24,"column":27},"end":{"line":28,"column":null}},"12":{"start":{"line":30,"column":6},"end":{"line":30,"column":26}},"13":{"start":{"line":32,"column":6},"end":{"line":32,"column":47}},"14":{"start":{"line":36,"column":4},"end":{"line":38,"column":null}},"15":{"start":{"line":37,"column":6},"end":{"line":37,"column":46}},"16":{"start":{"line":40,"column":4},"end":{"line":42,"column":null}},"17":{"start":{"line":41,"column":6},"end":{"line":41,"column":43}},"18":{"start":{"line":44,"column":4},"end":{"line":46,"column":null}},"19":{"start":{"line":45,"column":6},"end":{"line":45,"column":46}},"20":{"start":{"line":48,"column":30},"end":{"line":50,"column":6}},"21":{"start":{"line":52,"column":4},"end":{"line":54,"column":null}},"22":{"start":{"line":53,"column":6},"end":{"line":53,"column":49}},"23":{"start":{"line":56,"column":25},"end":{"line":56,"column":48}},"24":{"start":{"line":58,"column":17},"end":{"line":63,"column":6}},"25":{"start":{"line":65,"column":4},"end":{"line":81,"column":null}},"26":{"start":{"line":66,"column":36},"end":{"line":66,"column":63}},"27":{"start":{"line":67,"column":20},"end":{"line":67,"column":105}},"28":{"start":{"line":69,"column":6},"end":{"line":71,"column":null}},"29":{"start":{"line":73,"column":35},"end":{"line":73,"column":61}},"30":{"start":{"line":74,"column":27},"end":{"line":74,"column":70}},"31":{"start":{"line":76,"column":6},"end":{"line":76,"column":51}},"32":{"start":{"line":78,"column":6},"end":{"line":78,"column":43}},"33":{"start":{"line":80,"column":6},"end":{"line":80,"column":43}},"34":{"start":{"line":85,"column":9},"end":{"line":85,"column":20}}},"fnMap":{"0":{"name":"(anonymous_0)","decl":{"start":{"line":16,"column":2},"end":{"line":16,"column":7}},"loc":{"start":{"line":16,"column":38},"end":{"line":33,"column":3}}},"1":{"name":"(anonymous_1)","decl":{"start":{"line":35,"column":2},"end":{"line":35,"column":7}},"loc":{"start":{"line":35,"column":58},"end":{"line":82,"column":3}}}},"branchMap":{"0":{"loc":{"start":{"line":17,"column":4},"end":{"line":19,"column":null}},"type":"if","locations":[{"start":{"line":17,"column":4},"end":{"line":19,"column":null}},{"start":{"line":17,"column":4},"end":{"line":19,"column":null}}]},"1":{"loc":{"start":{"line":23,"column":4},"end":{"line":32,"column":47}},"type":"if","locations":[{"start":{"line":23,"column":4},"end":{"line":32,"column":47}},{"start":{"line":23,"column":4},"end":{"line":32,"column":47}}]},"2":{"loc":{"start":{"line":25,"column":22},"end":{"line":25,"column":24}},"type":"cond-expr","locations":[{"start":{"line":25,"column":22},"end":{"line":25,"column":24}},{"start":{"line":25,"column":18},"end":{"line":25,"column":32}}]},"3":{"loc":{"start":{"line":25,"column":18},"end":{"line":25,"column":24}},"type":"binary-expr","locations":[{"start":{"line":25,"column":18},"end":{"line":25,"column":24}},{"start":{"line":25,"column":18},"end":{"line":25,"column":24}}]},"4":{"loc":{"start":{"line":26,"column":19},"end":{"line":26,"column":21}},"type":"cond-expr","locations":[{"start":{"line":26,"column":19},"end":{"line":26,"column":21}},{"start":{"line":26,"column":15},"end":{"line":26,"column":26}}]},"5":{"loc":{"start":{"line":26,"column":15},"end":{"line":26,"column":21}},"type":"binary-expr","locations":[{"start":{"line":26,"column":15},"end":{"line":26,"column":21}},{"start":{"line":26,"column":15},"end":{"line":26,"column":21}}]},"6":{"loc":{"start":{"line":27,"column":22},"end":{"line":27,"column":24}},"type":"cond-expr","locations":[{"start":{"line":27,"column":22},"end":{"line":27,"column":24}},{"start":{"line":27,"column":18},"end":{"line":27,"column":32}}]},"7":{"loc":{"start":{"line":27,"column":18},"end":{"line":27,"column":24}},"type":"binary-expr","locations":[{"start":{"line":27,"column":18},"end":{"line":27,"column":24}},{"start":{"line":27,"column":18},"end":{"line":27,"column":24}}]},"8":{"loc":{"start":{"line":36,"column":4},"end":{"line":38,"column":null}},"type":"if","locations":[{"start":{"line":36,"column":4},"end":{"line":38,"column":null}},{"start":{"line":36,"column":4},"end":{"line":38,"column":null}}]},"9":{"loc":{"start":{"line":40,"column":4},"end":{"line":42,"column":null}},"type":"if","locations":[{"start":{"line":40,"column":4},"end":{"line":42,"column":null}},{"start":{"line":40,"column":4},"end":{"line":42,"column":null}}]},"10":{"loc":{"start":{"line":44,"column":4},"end":{"line":46,"column":null}},"type":"if","locations":[{"start":{"line":44,"column":4},"end":{"line":46,"column":null}},{"start":{"line":44,"column":4},"end":{"line":46,"column":null}}]},"11":{"loc":{"start":{"line":52,"column":4},"end":{"line":54,"column":null}},"type":"if","locations":[{"start":{"line":52,"column":4},"end":{"line":54,"column":null}},{"start":{"line":52,"column":4},"end":{"line":54,"column":null}}]},"12":{"loc":{"start":{"line":65,"column":4},"end":{"line":81,"column":null}},"type":"if","locations":[{"start":{"line":65,"column":4},"end":{"line":81,"column":null}},{"start":{"line":65,"column":4},"end":{"line":81,"column":null}}]}},"s":{"0":2,"1":2,"2":2,"3":2,"4":2,"5":2,"6":2,"7":0,"8":0,"9":0,"10":0,"11":0,"12":0,"13":0,"14":2,"15":0,"16":2,"17":0,"18":2,"19":0,"20":2,"21":2,"22":0,"23":2,"24":2,"25":2,"26":2,"27":2,"28":2,"29":2,"30":2,"31":2,"32":2,"33":0,"34":2},"f":{"0":0,"1":2},"b":{"0":[0,0],"1":[0,0],"2":[0,0],"3":[0,0],"4":[0,0],"5":[0,0],"6":[0,0],"7":[0,0],"8":[0,2],"9":[0,2],"10":[0,2],"11":[0,2],"12":[2,0]}}
}
