TN:
SF:src/app.ts
FN:25,(anonymous_1)
FNF:1
FNH:1
FNDA:20,(anonymous_1)
DA:2,6
DA:3,6
DA:5,6
DA:6,6
DA:7,6
DA:10,6
DA:13,6
DA:20,6
DA:21,6
DA:22,6
DA:24,6
DA:26,20
DA:27,20
DA:32,0
DA:39,6
LF:15
LH:14
BRDA:26,0,0,20
BRDA:26,0,1,0
BRF:2
BRH:1
end_of_record
TN:
SF:src/routes.ts
FN:30,(anonymous_1)
FNF:1
FNH:0
FNDA:0,(anonymous_1)
DA:2,6
DA:3,6
DA:6,6
DA:7,6
DA:8,6
DA:11,6
DA:14,6
DA:15,6
DA:16,6
DA:17,6
DA:18,6
DA:19,6
DA:22,6
DA:23,6
DA:24,6
DA:25,6
DA:26,6
DA:27,6
DA:30,6
DA:31,0
DA:35,6
DA:36,6
DA:39,6
DA:42,6
DA:43,6
DA:46,6
DA:47,6
DA:48,6
DA:49,6
DA:50,6
DA:51,6
DA:54,6
DA:57,6
DA:58,6
DA:60,6
LF:35
LH:34
BRF:0
BRH:0
end_of_record
TN:
SF:src/config/database.ts
FN:16,(anonymous_1)
FN:18,(anonymous_2)
FNF:2
FNH:1
FNDA:6,(anonymous_1)
FNDA:0,(anonymous_2)
DA:2,6
DA:3,6
DA:6,6
DA:7,6
DA:10,6
DA:13,6
DA:17,6
DA:19,0
DA:23,6
LF:9
LH:8
BRF:0
BRH:0
end_of_record
TN:
SF:src/controllers/MessageController.ts
FN:5,(anonymous_0)
FNF:1
FNH:1
FNDA:3,(anonymous_0)
DA:2,6
DA:6,3
DA:7,3
DA:8,3
DA:10,3
DA:12,3
DA:14,2
DA:18,6
LF:8
LH:8
BRF:0
BRH:0
end_of_record
TN:
SF:src/controllers/RefreshTokenController.ts
FN:5,(anonymous_0)
FNF:1
FNH:1
FNDA:2,(anonymous_0)
DA:2,6
DA:6,2
DA:8,2
DA:10,2
DA:12,1
DA:16,6
LF:6
LH:6
BRF:0
BRH:0
end_of_record
TN:
SF:src/controllers/RoomController.ts
FN:5,(anonymous_0)
FN:16,(anonymous_1)
FN:27,(anonymous_2)
FN:46,(anonymous_3)
FN:63,(anonymous_4)
FN:79,(anonymous_5)
FNF:6
FNH:6
FNDA:2,(anonymous_0)
FNDA:5,(anonymous_1)
FNDA:1,(anonymous_2)
FNDA:5,(anonymous_3)
FNDA:8,(anonymous_4)
FNDA:1,(anonymous_5)
DA:2,6
DA:6,2
DA:7,2
DA:9,2
DA:11,2
DA:13,2
DA:17,5
DA:18,5
DA:20,5
DA:22,5
DA:24,5
DA:28,1
DA:29,1
DA:30,1
DA:32,1
DA:34,1
DA:43,1
DA:47,5
DA:48,5
DA:49,5
DA:51,5
DA:53,5
DA:60,3
DA:64,8
DA:65,8
DA:66,8
DA:68,8
DA:70,8
DA:76,6
DA:80,1
DA:81,1
DA:83,1
DA:85,1
DA:87,1
DA:91,6
LF:35
LH:35
BRF:0
BRH:0
end_of_record
TN:
SF:src/controllers/SessionController.ts
FN:5,(anonymous_0)
FN:15,(anonymous_1)
FNF:2
FNH:2
FNDA:5,(anonymous_0)
FNDA:3,(anonymous_1)
DA:2,6
DA:6,5
DA:8,5
DA:10,5
DA:12,1
DA:16,3
DA:18,3
DA:20,3
DA:22,1
DA:26,6
LF:10
LH:10
BRF:0
BRH:0
end_of_record
TN:
SF:src/controllers/UserController.ts
FN:4,(anonymous_0)
FN:14,(anonymous_1)
FNF:2
FNH:2
FNDA:1,(anonymous_0)
FNDA:12,(anonymous_1)
DA:2,6
DA:5,1
DA:7,1
DA:9,1
DA:11,1
DA:15,12
DA:17,12
DA:19,12
DA:21,8
DA:25,6
LF:10
LH:10
BRF:0
BRH:0
end_of_record
TN:
SF:src/controllers/UserRoomController.ts
FN:5,(anonymous_0)
FN:15,(anonymous_1)
FNF:2
FNH:0
FNDA:0,(anonymous_0)
FNDA:0,(anonymous_1)
DA:2,6
DA:6,0
DA:8,0
DA:10,0
DA:12,0
DA:16,0
DA:17,0
DA:18,0
DA:20,0
DA:22,0
DA:24,0
DA:28,6
LF:12
LH:2
BRF:0
BRH:0
end_of_record
TN:
SF:src/entities/Message.ts
FNF:0
FNH:0
DA:2,6
DA:13,6
DA:37,6
DA:39,6
LF:4
LH:4
BRF:0
BRH:0
end_of_record
TN:
SF:src/entities/RefreshToken.ts
FNF:0
FNH:0
DA:2,6
DA:12,6
DA:32,6
DA:34,6
LF:4
LH:4
BRF:0
BRH:0
end_of_record
TN:
SF:src/entities/Room.ts
FNF:0
FNH:0
DA:2,6
DA:18,6
DA:63,6
DA:65,6
LF:4
LH:4
BRF:0
BRH:0
end_of_record
TN:
SF:src/entities/User.ts
FNF:0
FNH:0
DA:2,6
DA:14,6
DA:42,6
DA:44,6
LF:4
LH:4
BRF:0
BRH:0
end_of_record
TN:
SF:src/entities/UserRoom.ts
FNF:0
FNH:0
DA:2,6
DA:13,6
DA:39,6
DA:41,6
LF:4
LH:4
BRF:0
BRH:0
end_of_record
TN:
SF:src/errors/AppError.ts
FN:5,(anonymous_0)
FNF:1
FNH:1
FNDA:20,(anonymous_0)
DA:1,6
DA:6,20
DA:7,20
LF:3
LH:3
BRDA:5,0,0,20
BRF:1
BRH:1
end_of_record
TN:
SF:src/helpers/DeleteAllMessagesFromRoom.ts
FN:4,(anonymous_0)
FN:5,(anonymous_1)
FNF:2
FNH:1
FNDA:2,(anonymous_0)
FNDA:0,(anonymous_1)
DA:1,6
DA:5,2
DA:6,0
DA:7,0
DA:8,0
DA:10,0
DA:13,0
DA:14,0
DA:16,0
DA:20,2
DA:24,6
LF:11
LH:4
BRDA:5,0,0,0
BRDA:5,0,1,2
BRDA:5,1,0,2
BRDA:5,1,1,2
BRDA:13,2,0,0
BRDA:13,2,1,0
BRF:6
BRH:3
end_of_record
TN:
SF:src/helpers/EnterUserRoom.ts
FN:10,(anonymous_0)
FN:29,(anonymous_1)
FNF:2
FNH:2
FNDA:10,(anonymous_0)
FNDA:5,(anonymous_1)
DA:2,6
DA:11,10
DA:12,0
DA:15,10
DA:16,0
DA:19,10
DA:20,10
DA:21,10
DA:23,0
DA:26,10
DA:27,10
DA:29,10
DA:30,5
DA:31,0
DA:35,10
DA:36,0
DA:39,10
DA:40,10
DA:42,10
DA:44,10
DA:45,10
DA:47,0
DA:50,0
DA:55,0
DA:56,0
DA:58,0
DA:64,6
LF:27
LH:17
BRDA:11,0,0,0
BRDA:11,0,1,10
BRDA:15,1,0,0
BRDA:15,1,1,10
BRDA:26,2,0,10
BRDA:26,2,1,0
BRDA:29,3,0,0
BRDA:29,3,1,10
BRDA:29,4,0,10
BRDA:29,4,1,10
BRDA:29,5,0,0
BRDA:29,5,1,10
BRDA:29,6,0,10
BRDA:29,6,1,10
BRDA:30,7,0,0
BRDA:30,7,1,5
BRDA:35,8,0,0
BRDA:35,8,1,10
BRDA:39,9,0,0
BRDA:39,9,1,10
BRDA:39,10,0,10
BRDA:39,10,1,10
BRDA:44,11,0,10
BRDA:44,11,1,0
BRDA:55,12,0,0
BRDA:55,12,1,0
BRF:26
BRH:15
end_of_record
TN:
SF:src/helpers/ExitUserRoom.ts
FN:10,(anonymous_0)
FN:29,(anonymous_1)
FNF:2
FNH:2
FNDA:5,(anonymous_0)
FNDA:8,(anonymous_1)
DA:2,6
DA:11,5
DA:12,0
DA:15,5
DA:16,0
DA:19,5
DA:20,5
DA:21,5
DA:23,0
DA:26,5
DA:27,5
DA:29,5
DA:30,8
DA:31,5
DA:35,5
DA:36,0
DA:39,5
DA:40,5
DA:42,5
DA:44,5
DA:46,5
DA:47,5
DA:49,0
DA:53,0
DA:57,6
LF:25
LH:19
BRDA:11,0,0,0
BRDA:11,0,1,5
BRDA:15,1,0,0
BRDA:15,1,1,5
BRDA:26,2,0,5
BRDA:26,2,1,0
BRDA:29,3,0,0
BRDA:29,3,1,5
BRDA:29,4,0,5
BRDA:29,4,1,5
BRDA:29,5,0,0
BRDA:29,5,1,5
BRDA:29,6,0,5
BRDA:29,6,1,5
BRDA:30,7,0,5
BRDA:30,7,1,3
BRDA:35,8,0,0
BRDA:35,8,1,5
BRDA:46,9,0,5
BRDA:46,9,1,0
BRF:20
BRH:13
end_of_record
TN:
SF:src/helpers/GenerateRefreshToken.ts
FN:6,(anonymous_1)
FNF:1
FNH:1
FNDA:9,(anonymous_1)
DA:1,6
DA:2,6
DA:3,6
DA:7,9
DA:9,9
DA:14,9
DA:15,9
DA:18,0
DA:22,6
LF:9
LH:8
BRDA:14,0,0,9
BRDA:14,0,1,0
BRF:2
BRH:1
end_of_record
TN:
SF:src/helpers/GenerateTokenProvider.ts
FN:11,(anonymous_0)
FNF:1
FNH:1
FNDA:10,(anonymous_0)
DA:1,6
DA:12,10
DA:21,10
DA:25,6
LF:4
LH:4
BRF:0
BRH:0
end_of_record
TN:
SF:src/middlewares/ensureAdminRoom.ts
FN:5,ensureAdminRoom
FN:16,(anonymous_1)
FNF:2
FNH:2
FNDA:7,ensureAdminRoom
FNDA:7,(anonymous_1)
DA:2,6
DA:3,6
DA:5,6
DA:6,7
DA:7,7
DA:8,7
DA:10,7
DA:11,0
DA:14,7
DA:16,7
DA:17,7
DA:18,7
DA:22,7
DA:23,7
DA:26,0
LF:15
LH:13
BRDA:10,0,0,0
BRDA:10,0,1,7
BRDA:17,1,0,7
BRDA:17,1,1,0
BRDA:22,2,0,7
BRDA:22,2,1,0
BRF:6
BRH:3
end_of_record
TN:
SF:src/middlewares/ensureAuthenticated.ts
FN:8,ensureAuthenticated
FNF:1
FNH:1
FNDA:35,ensureAuthenticated
DA:2,6
DA:8,6
DA:9,35
DA:11,35
DA:12,2
DA:15,33
DA:17,33
DA:18,33
DA:19,33
DA:21,33
DA:23,0
LF:11
LH:10
BRDA:11,0,0,2
BRDA:11,0,1,33
BRF:2
BRH:2
end_of_record
TN:
SF:src/middlewares/ensureParticipatesRoom.ts
FN:5,ensureParticipatesRoom
FN:24,(anonymous_1)
FNF:2
FNH:2
FNDA:16,ensureParticipatesRoom
FNDA:17,(anonymous_1)
DA:2,6
DA:3,6
DA:5,6
DA:6,16
DA:7,16
DA:8,16
DA:10,16
DA:11,0
DA:14,16
DA:15,16
DA:17,2
DA:20,14
DA:21,0
DA:24,14
DA:25,17
DA:26,12
DA:30,14
DA:31,12
DA:34,2
LF:19
LH:17
BRDA:10,0,0,0
BRDA:10,0,1,16
BRDA:20,1,0,0
BRDA:20,1,1,14
BRDA:25,2,0,12
BRDA:25,2,1,5
BRDA:30,3,0,12
BRDA:30,3,1,2
BRF:8
BRH:6
end_of_record
TN:
SF:src/services/MessageService.ts
FN:12,(anonymous_0)
FNF:1
FNH:1
FNDA:3,(anonymous_0)
DA:1,6
DA:2,6
DA:3,6
DA:13,3
DA:14,0
DA:17,3
DA:18,0
DA:21,3
DA:22,1
DA:25,2
DA:27,2
DA:28,2
DA:30,2
DA:31,0
DA:34,2
DA:35,2
DA:37,2
DA:39,2
DA:40,2
DA:42,0
DA:46,0
DA:51,6
LF:22
LH:17
BRDA:13,0,0,0
BRDA:13,0,1,3
BRDA:17,1,0,0
BRDA:17,1,1,3
BRDA:21,2,0,1
BRDA:21,2,1,2
BRDA:27,3,0,2
BRDA:27,3,1,0
BRDA:30,4,0,0
BRDA:30,4,1,2
BRDA:39,5,0,2
BRDA:39,5,1,0
BRF:12
BRH:7
end_of_record
TN:
SF:src/services/RefreshTokenService.ts
FN:8,(anonymous_1)
FNF:1
FNH:1
FNDA:2,(anonymous_1)
DA:1,6
DA:2,6
DA:3,6
DA:4,6
DA:5,6
DA:10,2
DA:11,2
DA:13,1
DA:16,1
DA:17,0
DA:20,1
DA:22,1
DA:23,1
DA:30,1
DA:31,0
DA:35,0
DA:36,0
DA:38,0
DA:42,1
DA:46,6
LF:20
LH:15
BRDA:16,0,0,0
BRDA:16,0,1,1
BRDA:30,1,0,0
BRDA:30,1,1,1
BRF:4
BRH:2
end_of_record
TN:
SF:src/services/RoomService.ts
FN:24,(anonymous_0)
FN:53,(anonymous_1)
FN:102,(anonymous_2)
FN:135,(anonymous_3)
FN:154,(anonymous_4)
FN:180,(anonymous_5)
FN:212,(anonymous_6)
FN:238,(anonymous_7)
FN:271,(anonymous_8)
FN:295,(anonymous_9)
FN:324,(anonymous_10)
FN:374,(anonymous_11)
FN:398,(anonymous_12)
FNF:13
FNH:13
FNDA:2,(anonymous_0)
FNDA:5,(anonymous_1)
FNDA:1,(anonymous_2)
FNDA:2,(anonymous_3)
FNDA:1,(anonymous_4)
FNDA:5,(anonymous_5)
FNDA:7,(anonymous_6)
FNDA:1,(anonymous_7)
FNDA:8,(anonymous_8)
FNDA:11,(anonymous_9)
FNDA:4,(anonymous_10)
FNDA:1,(anonymous_11)
FNDA:1,(anonymous_12)
DA:1,6
DA:2,6
DA:4,6
DA:5,6
DA:6,6
DA:7,6
DA:25,2
DA:26,0
DA:29,2
DA:31,2
DA:33,1
DA:43,1
DA:44,1
DA:47,2
DA:48,2
DA:50,0
DA:54,5
DA:55,0
DA:58,5
DA:59,0
DA:62,5
DA:63,0
DA:66,5
DA:67,0
DA:70,5
DA:71,5
DA:72,5
DA:76,0
DA:79,5
DA:80,0
DA:83,5
DA:92,5
DA:93,5
DA:94,5
DA:96,5
DA:98,0
DA:103,1
DA:104,0
DA:107,1
DA:108,0
DA:111,1
DA:113,1
DA:114,0
DA:117,1
DA:118,0
DA:121,1
DA:122,0
DA:125,1
DA:127,1
DA:128,0
DA:131,1
DA:132,1
DA:135,1
DA:136,2
DA:137,1
DA:141,1
DA:142,0
DA:146,1
DA:148,1
DA:149,0
DA:152,1
DA:154,1
DA:155,1
DA:156,0
DA:160,1
DA:161,1
DA:162,0
DA:163,0
DA:167,1
DA:168,1
DA:169,1
DA:171,1
DA:173,1
DA:174,1
DA:176,0
DA:181,5
DA:182,0
DA:185,5
DA:186,0
DA:189,5
DA:191,5
DA:192,0
DA:195,5
DA:196,0
DA:199,5
DA:200,0
DA:203,5
DA:205,5
DA:206,0
DA:209,5
DA:212,5
DA:213,7
DA:214,2
DA:218,5
DA:220,2
DA:221,1
DA:222,1
DA:224,0
DA:228,2
DA:229,2
DA:231,2
DA:232,2
DA:234,3
DA:236,1
DA:238,1
DA:239,1
DA:240,0
DA:244,1
DA:245,0
DA:248,1
DA:249,1
DA:251,1
DA:252,1
DA:254,2
DA:255,1
DA:257,1
DA:260,3
DA:262,3
DA:264,3
DA:265,3
DA:267,0
DA:272,8
DA:273,0
DA:276,8
DA:277,0
DA:280,8
DA:282,8
DA:283,0
DA:286,8
DA:288,8
DA:289,0
DA:292,8
DA:295,8
DA:296,11
DA:297,4
DA:301,8
DA:303,3
DA:304,1
DA:305,1
DA:307,0
DA:311,3
DA:312,3
DA:314,3
DA:315,3
DA:317,5
DA:319,3
DA:321,3
DA:324,3
DA:325,4
DA:326,2
DA:330,3
DA:331,2
DA:333,2
DA:334,0
DA:338,3
DA:340,3
DA:341,3
DA:343,2
DA:344,1
DA:346,1
DA:349,6
DA:351,6
DA:353,6
DA:354,6
DA:355,1
DA:357,1
DA:358,1
DA:359,1
DA:360,1
DA:362,0
DA:365,0
DA:368,5
DA:370,0
DA:375,1
DA:376,0
DA:379,1
DA:380,0
DA:383,1
DA:385,1
DA:386,0
DA:389,1
DA:390,0
DA:393,1
DA:395,1
DA:396,1
DA:398,1
DA:399,1
DA:402,1
DA:404,1
DA:405,1
DA:407,0
DA:411,0
DA:416,6
LF:193
LH:147
BRDA:25,0,0,0
BRDA:25,0,1,2
BRDA:31,1,0,1
BRDA:31,1,1,1
BRDA:47,2,0,2
BRDA:47,2,1,0
BRDA:54,3,0,0
BRDA:54,3,1,5
BRDA:58,4,0,0
BRDA:58,4,1,5
BRDA:58,5,0,5
BRDA:58,5,1,2
BRDA:62,6,0,0
BRDA:62,6,1,5
BRDA:66,7,0,0
BRDA:66,7,1,5
BRDA:79,8,0,0
BRDA:79,8,1,5
BRDA:92,9,0,5
BRDA:92,9,1,0
BRDA:103,10,0,0
BRDA:103,10,1,1
BRDA:107,11,0,0
BRDA:107,11,1,1
BRDA:113,12,0,0
BRDA:113,12,1,1
BRDA:117,13,0,0
BRDA:117,13,1,1
BRDA:121,14,0,0
BRDA:121,14,1,1
BRDA:125,15,0,1
BRDA:125,15,1,0
BRDA:127,16,0,0
BRDA:127,16,1,1
BRDA:131,17,0,1
BRDA:131,17,1,0
BRDA:136,18,0,1
BRDA:136,18,1,1
BRDA:141,19,0,0
BRDA:141,19,1,1
BRDA:148,20,0,0
BRDA:148,20,1,1
BRDA:155,21,0,0
BRDA:155,21,1,1
BRDA:160,22,0,1
BRDA:160,22,1,0
BRDA:160,23,0,1
BRDA:160,23,1,1
BRDA:162,24,0,0
BRDA:162,24,1,0
BRDA:162,25,0,0
BRDA:162,25,1,0
BRDA:173,26,0,1
BRDA:173,26,1,0
BRDA:181,27,0,0
BRDA:181,27,1,5
BRDA:185,28,0,0
BRDA:185,28,1,5
BRDA:191,29,0,0
BRDA:191,29,1,5
BRDA:195,30,0,0
BRDA:195,30,1,5
BRDA:199,31,0,0
BRDA:199,31,1,5
BRDA:205,32,0,0
BRDA:205,32,1,5
BRDA:213,33,0,2
BRDA:213,33,1,5
BRDA:218,34,0,2
BRDA:218,34,1,3
BRDA:218,35,0,5
BRDA:218,35,1,3
BRDA:220,36,0,1
BRDA:220,36,1,1
BRDA:221,37,0,1
BRDA:221,37,1,0
BRDA:234,38,0,1
BRDA:234,38,1,2
BRDA:234,39,0,3
BRDA:234,39,1,2
BRDA:239,40,0,0
BRDA:239,40,1,1
BRDA:244,41,0,0
BRDA:244,41,1,1
BRDA:254,42,0,1
BRDA:254,42,1,1
BRDA:254,43,0,2
BRDA:254,43,1,1
BRDA:264,44,0,3
BRDA:264,44,1,0
BRDA:272,45,0,0
BRDA:272,45,1,8
BRDA:276,46,0,0
BRDA:276,46,1,8
BRDA:282,47,0,0
BRDA:282,47,1,8
BRDA:288,48,0,0
BRDA:288,48,1,8
BRDA:296,49,0,4
BRDA:296,49,1,7
BRDA:301,50,0,3
BRDA:301,50,1,5
BRDA:301,51,0,8
BRDA:301,51,1,4
BRDA:303,52,0,1
BRDA:303,52,1,2
BRDA:304,53,0,1
BRDA:304,53,1,0
BRDA:317,54,0,3
BRDA:317,54,1,2
BRDA:317,55,0,5
BRDA:317,55,1,4
BRDA:325,56,0,2
BRDA:325,56,1,2
BRDA:330,57,0,2
BRDA:330,57,1,1
BRDA:333,58,0,0
BRDA:333,58,1,2
BRDA:333,59,0,2
BRDA:333,59,1,1
BRDA:333,60,0,0
BRDA:333,60,1,2
BRDA:333,61,0,2
BRDA:333,61,1,2
BRDA:333,62,0,0
BRDA:333,62,1,1
BRDA:333,63,0,1
BRDA:333,63,1,1
BRDA:333,64,0,0
BRDA:333,64,1,1
BRDA:333,65,0,1
BRDA:333,65,1,1
BRDA:334,66,0,0
BRDA:334,66,1,0
BRDA:334,67,0,0
BRDA:334,67,1,0
BRDA:334,68,0,0
BRDA:334,68,1,0
BRDA:334,69,0,0
BRDA:334,69,1,0
BRDA:334,70,0,0
BRDA:334,70,1,0
BRDA:334,71,0,0
BRDA:334,71,1,0
BRDA:343,72,0,1
BRDA:343,72,1,1
BRDA:343,73,0,2
BRDA:343,73,1,1
BRDA:353,74,0,6
BRDA:353,74,1,0
BRDA:354,75,0,1
BRDA:354,75,1,5
BRDA:357,76,0,1
BRDA:357,76,1,0
BRDA:359,77,0,1
BRDA:359,77,1,0
BRDA:359,78,0,0
BRDA:359,78,1,1
BRDA:359,79,0,1
BRDA:359,79,1,1
BRDA:375,80,0,0
BRDA:375,80,1,1
BRDA:379,81,0,0
BRDA:379,81,1,1
BRDA:385,82,0,0
BRDA:385,82,1,1
BRDA:389,83,0,0
BRDA:389,83,1,1
BRDA:389,84,0,1
BRDA:389,84,1,1
BRDA:389,85,0,0
BRDA:389,85,1,1
BRDA:389,86,0,1
BRDA:389,86,1,1
BRDA:389,87,0,0
BRDA:389,87,1,1
BRDA:389,88,0,1
BRDA:389,88,1,1
BRDA:395,89,0,1
BRDA:395,89,1,0
BRDA:398,90,0,0
BRDA:398,90,1,1
BRDA:398,91,0,1
BRDA:398,91,1,1
BRDA:404,92,0,1
BRDA:404,92,1,0
BRDA:404,93,0,0
BRDA:404,93,1,1
BRDA:404,94,0,1
BRDA:404,94,1,1
BRF:190
BRH:120
end_of_record
TN:
SF:src/services/SessionService.ts
FN:14,(anonymous_0)
FN:54,(anonymous_1)
FNF:2
FNH:2
FNDA:5,(anonymous_0)
FNDA:3,(anonymous_1)
DA:1,6
DA:2,6
DA:3,6
DA:4,6
DA:5,6
DA:6,6
DA:15,5
DA:16,1
DA:19,4
DA:20,1
DA:23,3
DA:27,3
DA:28,1
DA:31,2
DA:33,2
DA:34,1
DA:37,1
DA:38,1
DA:39,1
DA:41,1
DA:42,1
DA:44,1
DA:48,1
DA:49,1
DA:51,1
DA:55,3
DA:56,1
DA:59,2
DA:63,2
DA:64,1
DA:67,1
DA:68,1
DA:69,1
DA:71,1
DA:75,1
DA:79,6
LF:36
LH:36
BRDA:15,0,0,1
BRDA:15,0,1,4
BRDA:19,1,0,1
BRDA:19,1,1,3
BRDA:27,2,0,1
BRDA:27,2,1,2
BRDA:33,3,0,1
BRDA:33,3,1,1
BRDA:55,4,0,1
BRDA:55,4,1,2
BRDA:63,5,0,1
BRDA:63,5,1,1
BRF:12
BRH:12
end_of_record
TN:
SF:src/services/UserRoomService.ts
FN:11,(anonymous_0)
FN:35,(anonymous_1)
FN:54,(anonymous_2)
FNF:3
FNH:0
FNDA:0,(anonymous_0)
FNDA:0,(anonymous_1)
FNDA:0,(anonymous_2)
DA:1,6
DA:2,6
DA:12,0
DA:13,0
DA:16,0
DA:17,0
DA:18,0
DA:24,0
DA:27,0
DA:28,0
DA:31,0
DA:36,0
DA:37,0
DA:40,0
DA:41,0
DA:44,0
DA:45,0
DA:46,0
DA:48,0
DA:51,0
DA:52,0
DA:54,0
DA:55,0
DA:56,0
DA:60,0
DA:61,0
DA:62,0
DA:64,0
DA:66,0
DA:67,0
DA:69,0
DA:72,0
DA:73,0
DA:74,0
DA:76,0
DA:78,0
DA:79,0
DA:81,0
DA:84,0
DA:85,0
DA:87,0
DA:91,0
DA:96,6
LF:43
LH:3
BRDA:12,0,0,0
BRDA:12,0,1,0
BRDA:27,1,0,0
BRDA:27,1,1,0
BRDA:36,2,0,0
BRDA:36,2,1,0
BRDA:40,3,0,0
BRDA:40,3,1,0
BRDA:51,4,0,0
BRDA:51,4,1,0
BRDA:54,5,0,0
BRDA:54,5,1,0
BRDA:54,6,0,0
BRDA:54,6,1,0
BRDA:54,7,0,0
BRDA:54,7,1,0
BRDA:54,8,0,0
BRDA:54,8,1,0
BRDA:55,9,0,0
BRDA:55,9,1,0
BRDA:60,10,0,0
BRDA:60,10,1,0
BRDA:60,11,0,0
BRDA:60,11,1,0
BRDA:61,12,0,0
BRDA:61,12,1,0
BRDA:61,13,0,0
BRDA:61,13,1,0
BRDA:61,14,0,0
BRDA:61,14,1,0
BRDA:61,15,0,0
BRDA:61,15,1,0
BRDA:66,16,0,0
BRDA:66,16,1,0
BRDA:72,17,0,0
BRDA:72,17,1,0
BRDA:72,18,0,0
BRDA:72,18,1,0
BRDA:73,19,0,0
BRDA:73,19,1,0
BRDA:73,20,0,0
BRDA:73,20,1,0
BRDA:78,21,0,0
BRDA:78,21,1,0
BRDA:84,22,0,0
BRDA:84,22,1,0
BRDA:84,23,0,0
BRDA:84,23,1,0
BRF:48
BRH:0
end_of_record
TN:
SF:src/services/UserService.ts
FN:16,(anonymous_0)
FN:35,(anonymous_1)
FNF:2
FNH:2
FNDA:1,(anonymous_0)
FNDA:12,(anonymous_1)
DA:1,6
DA:2,6
DA:3,6
DA:4,6
DA:5,6
DA:6,6
DA:7,6
DA:17,1
DA:18,0
DA:21,1
DA:23,1
DA:24,1
DA:30,1
DA:32,0
DA:36,12
DA:37,1
DA:40,11
DA:41,1
DA:44,10
DA:45,1
DA:48,9
DA:52,9
DA:53,1
DA:56,8
DA:58,8
DA:65,8
DA:66,8
DA:67,8
DA:69,8
DA:73,8
DA:74,8
DA:76,8
DA:78,8
DA:80,0
DA:85,6
LF:35
LH:32
BRDA:17,0,0,0
BRDA:17,0,1,1
BRDA:23,1,0,1
BRDA:23,1,1,0
BRDA:25,2,0,0
BRDA:25,2,1,1
BRDA:25,3,0,1
BRDA:25,3,1,1
BRDA:26,4,0,0
BRDA:26,4,1,1
BRDA:26,5,0,1
BRDA:26,5,1,1
BRDA:27,6,0,0
BRDA:27,6,1,1
BRDA:27,7,0,1
BRDA:27,7,1,1
BRDA:36,8,0,1
BRDA:36,8,1,11
BRDA:40,9,0,1
BRDA:40,9,1,10
BRDA:44,10,0,1
BRDA:44,10,1,9
BRDA:52,11,0,1
BRDA:52,11,1,8
BRDA:65,12,0,8
BRDA:65,12,1,0
BRF:26
BRH:20
end_of_record
